This is pdfTeX, Version 3.14159265-2.6-1.40.18 (MiKTeX 2.9.6350 64-bit) (preloaded format=pdflatex 2017.10.22)  19 JUN 2018 00:06
entering extended mode
**./exam_20_06_v2.0.tex
(exam_20_06_v2.0.tex
LaTeX2e <2017-04-15>
Babel <3.10> and hyphenation patterns for 75 language(s) loaded.
("C:\Program Files\MiKTeX 2.9\tex\latex\koma-script\scrartcl.cls"
Document Class: scrartcl 2018/03/30 v3.25 KOMA-Script document class (article)
("C:\Program Files\MiKTeX 2.9\tex\latex\koma-script\scrkbase.sty"
Package: scrkbase 2018/03/30 v3.25 KOMA-Script package (KOMA-Script-dependent b
asics and keyval usage)

("C:\Program Files\MiKTeX 2.9\tex\latex\koma-script\scrbase.sty"
Package: scrbase 2018/03/30 v3.25 KOMA-Script package (KOMA-Script-independent 
basics and keyval usage)

("C:\Program Files\MiKTeX 2.9\tex\latex\graphics\keyval.sty"
Package: keyval 2014/10/28 v1.15 key=value parser (DPC)
\KV@toks@=\toks14
)
("C:\Program Files\MiKTeX 2.9\tex\latex\koma-script\scrlfile.sty"
Package: scrlfile 2018/03/30 v3.25 KOMA-Script package (loading files)
)))
("C:\Program Files\MiKTeX 2.9\tex\latex\koma-script\tocbasic.sty"
Package: tocbasic 2018/03/30 v3.25 KOMA-Script package (handling toc-files)
\scr@dte@tocline@numberwidth=\skip41
\scr@dte@tocline@numbox=\box26
)
Package tocbasic Info: omitting babel extension for `toc'
(tocbasic)             because of feature `nobabel' available
(tocbasic)             for `toc' on input line 134.
Class scrartcl Info: File `scrsize11pt.clo' used to setup font sizes on input l
ine 2114.

("C:\Program Files\MiKTeX 2.9\tex\latex\koma-script\scrsize11pt.clo"
File: scrsize11pt.clo 2018/03/30 v3.25 KOMA-Script font size class option (11pt
)
)
("C:\Program Files\MiKTeX 2.9\tex\latex\koma-script\typearea.sty"
Package: typearea 2018/03/30 v3.25 KOMA-Script package (type area)
\ta@bcor=\skip42
\ta@div=\count79
\ta@hblk=\skip43
\ta@vblk=\skip44
\ta@temp=\skip45
\footheight=\skip46
Package typearea Info: These are the values describing the layout:
(typearea)             DIV  = 10
(typearea)             BCOR = 0.0pt
(typearea)             \paperwidth      = 597.50793pt
(typearea)              \textwidth      = 418.25555pt
(typearea)              DIV departure   = -6%
(typearea)              \evensidemargin = 17.3562pt
(typearea)              \oddsidemargin  = 17.3562pt
(typearea)             \paperheight     = 845.04694pt
(typearea)              \textheight     = 595.80026pt
(typearea)              \topmargin      = -25.16531pt
(typearea)              \headheight     = 17.0pt
(typearea)              \headsep        = 20.40001pt
(typearea)              \topskip        = 11.0pt
(typearea)              \footskip       = 47.6pt
(typearea)              \baselineskip   = 13.6pt
(typearea)              on input line 1706.
)
\c@part=\count80
\c@section=\count81
\c@subsection=\count82
\c@subsubsection=\count83
\c@paragraph=\count84
\c@subparagraph=\count85
\scr@dte@part@maxnumwidth=\skip47
\scr@dte@section@maxnumwidth=\skip48
\scr@dte@subsection@maxnumwidth=\skip49
\scr@dte@subsubsection@maxnumwidth=\skip50
\scr@dte@paragraph@maxnumwidth=\skip51
\scr@dte@subparagraph@maxnumwidth=\skip52
\abovecaptionskip=\skip53
\belowcaptionskip=\skip54
\c@pti@nb@sid@b@x=\box27
\scr@dte@figure@maxnumwidth=\skip55
Package tocbasic Info: omitting babel extension for `lof'
(tocbasic)             because of feature `nobabel' available
(tocbasic)             for `lof' on input line 5439.
\c@figure=\count86
\scr@dte@table@maxnumwidth=\skip56
Package tocbasic Info: omitting babel extension for `lot'
(tocbasic)             because of feature `nobabel' available
(tocbasic)             for `lot' on input line 5451.
\c@table=\count87
Class scrartcl Info: Redefining `\numberline' on input line 5615.
\bibindent=\dimen102
)
("C:\Program Files\MiKTeX 2.9\tex\latex\cmap\cmap.sty"
Package: cmap 2008/03/06 v1.0h CMap support: searchable PDF
)
("C:\Program Files\MiKTeX 2.9\tex\latex\t2\mathtext.sty"
Package: mathtext 1999/01/28 v1.0 transparent text-and-math defs
LaTeX Info: Redefining \halign on input line 111.
)
("C:\Program Files\MiKTeX 2.9\tex\latex\base\fontenc.sty"
Package: fontenc 2017/04/05 v2.0i Standard LaTeX package

("C:\Program Files\MiKTeX 2.9\tex\latex\cyrillic\t2aenc.def"
File: t2aenc.def 2005/09/27 v1.0i Cyrillic encoding definition file
\symT2Aletters=\mathgroup4
)
LaTeX Font Info:    Try loading font information for T2A+cmr on input line 105.


("C:\Program Files\MiKTeX 2.9\tex\latex\cyrillic\t2acmr.fd"
File: t2acmr.fd 2001/08/11 v1.0a Computer Modern Cyrillic font definitions
)<<t2a.cmap>>)
("C:\Program Files\MiKTeX 2.9\tex\latex\base\inputenc.sty"
Package: inputenc 2015/03/17 v1.2c Input encoding file
\inpenc@prehook=\toks15
\inpenc@posthook=\toks16

("C:\Program Files\MiKTeX 2.9\tex\latex\base\utf8.def"
File: utf8.def 2017/01/28 v1.1t UTF-8 support for inputenc
Now handling font encoding OML ...
... no UTF-8 mapping file for font encoding OML
Now handling font encoding T1 ...
... processing UTF-8 mapping file for font encoding T1

("C:\Program Files\MiKTeX 2.9\tex\latex\base\t1enc.dfu"
File: t1enc.dfu 2017/01/28 v1.1t UTF-8 support for inputenc
   defining Unicode char U+00A0 (decimal 160)
   defining Unicode char U+00A1 (decimal 161)
   defining Unicode char U+00A3 (decimal 163)
   defining Unicode char U+00AB (decimal 171)
   defining Unicode char U+00AD (decimal 173)
   defining Unicode char U+00BB (decimal 187)
   defining Unicode char U+00BF (decimal 191)
   defining Unicode char U+00C0 (decimal 192)
   defining Unicode char U+00C1 (decimal 193)
   defining Unicode char U+00C2 (decimal 194)
   defining Unicode char U+00C3 (decimal 195)
   defining Unicode char U+00C4 (decimal 196)
   defining Unicode char U+00C5 (decimal 197)
   defining Unicode char U+00C6 (decimal 198)
   defining Unicode char U+00C7 (decimal 199)
   defining Unicode char U+00C8 (decimal 200)
   defining Unicode char U+00C9 (decimal 201)
   defining Unicode char U+00CA (decimal 202)
   defining Unicode char U+00CB (decimal 203)
   defining Unicode char U+00CC (decimal 204)
   defining Unicode char U+00CD (decimal 205)
   defining Unicode char U+00CE (decimal 206)
   defining Unicode char U+00CF (decimal 207)
   defining Unicode char U+00D0 (decimal 208)
   defining Unicode char U+00D1 (decimal 209)
   defining Unicode char U+00D2 (decimal 210)
   defining Unicode char U+00D3 (decimal 211)
   defining Unicode char U+00D4 (decimal 212)
   defining Unicode char U+00D5 (decimal 213)
   defining Unicode char U+00D6 (decimal 214)
   defining Unicode char U+00D8 (decimal 216)
   defining Unicode char U+00D9 (decimal 217)
   defining Unicode char U+00DA (decimal 218)
   defining Unicode char U+00DB (decimal 219)
   defining Unicode char U+00DC (decimal 220)
   defining Unicode char U+00DD (decimal 221)
   defining Unicode char U+00DE (decimal 222)
   defining Unicode char U+00DF (decimal 223)
   defining Unicode char U+00E0 (decimal 224)
   defining Unicode char U+00E1 (decimal 225)
   defining Unicode char U+00E2 (decimal 226)
   defining Unicode char U+00E3 (decimal 227)
   defining Unicode char U+00E4 (decimal 228)
   defining Unicode char U+00E5 (decimal 229)
   defining Unicode char U+00E6 (decimal 230)
   defining Unicode char U+00E7 (decimal 231)
   defining Unicode char U+00E8 (decimal 232)
   defining Unicode char U+00E9 (decimal 233)
   defining Unicode char U+00EA (decimal 234)
   defining Unicode char U+00EB (decimal 235)
   defining Unicode char U+00EC (decimal 236)
   defining Unicode char U+00ED (decimal 237)
   defining Unicode char U+00EE (decimal 238)
   defining Unicode char U+00EF (decimal 239)
   defining Unicode char U+00F0 (decimal 240)
   defining Unicode char U+00F1 (decimal 241)
   defining Unicode char U+00F2 (decimal 242)
   defining Unicode char U+00F3 (decimal 243)
   defining Unicode char U+00F4 (decimal 244)
   defining Unicode char U+00F5 (decimal 245)
   defining Unicode char U+00F6 (decimal 246)
   defining Unicode char U+00F8 (decimal 248)
   defining Unicode char U+00F9 (decimal 249)
   defining Unicode char U+00FA (decimal 250)
   defining Unicode char U+00FB (decimal 251)
   defining Unicode char U+00FC (decimal 252)
   defining Unicode char U+00FD (decimal 253)
   defining Unicode char U+00FE (decimal 254)
   defining Unicode char U+00FF (decimal 255)
   defining Unicode char U+0100 (decimal 256)
   defining Unicode char U+0101 (decimal 257)
   defining Unicode char U+0102 (decimal 258)
   defining Unicode char U+0103 (decimal 259)
   defining Unicode char U+0104 (decimal 260)
   defining Unicode char U+0105 (decimal 261)
   defining Unicode char U+0106 (decimal 262)
   defining Unicode char U+0107 (decimal 263)
   defining Unicode char U+0108 (decimal 264)
   defining Unicode char U+0109 (decimal 265)
   defining Unicode char U+010A (decimal 266)
   defining Unicode char U+010B (decimal 267)
   defining Unicode char U+010C (decimal 268)
   defining Unicode char U+010D (decimal 269)
   defining Unicode char U+010E (decimal 270)
   defining Unicode char U+010F (decimal 271)
   defining Unicode char U+0110 (decimal 272)
   defining Unicode char U+0111 (decimal 273)
   defining Unicode char U+0112 (decimal 274)
   defining Unicode char U+0113 (decimal 275)
   defining Unicode char U+0114 (decimal 276)
   defining Unicode char U+0115 (decimal 277)
   defining Unicode char U+0116 (decimal 278)
   defining Unicode char U+0117 (decimal 279)
   defining Unicode char U+0118 (decimal 280)
   defining Unicode char U+0119 (decimal 281)
   defining Unicode char U+011A (decimal 282)
   defining Unicode char U+011B (decimal 283)
   defining Unicode char U+011C (decimal 284)
   defining Unicode char U+011D (decimal 285)
   defining Unicode char U+011E (decimal 286)
   defining Unicode char U+011F (decimal 287)
   defining Unicode char U+0120 (decimal 288)
   defining Unicode char U+0121 (decimal 289)
   defining Unicode char U+0122 (decimal 290)
   defining Unicode char U+0123 (decimal 291)
   defining Unicode char U+0124 (decimal 292)
   defining Unicode char U+0125 (decimal 293)
   defining Unicode char U+0128 (decimal 296)
   defining Unicode char U+0129 (decimal 297)
   defining Unicode char U+012A (decimal 298)
   defining Unicode char U+012B (decimal 299)
   defining Unicode char U+012C (decimal 300)
   defining Unicode char U+012D (decimal 301)
   defining Unicode char U+012E (decimal 302)
   defining Unicode char U+012F (decimal 303)
   defining Unicode char U+0130 (decimal 304)
   defining Unicode char U+0131 (decimal 305)
   defining Unicode char U+0132 (decimal 306)
   defining Unicode char U+0133 (decimal 307)
   defining Unicode char U+0134 (decimal 308)
   defining Unicode char U+0135 (decimal 309)
   defining Unicode char U+0136 (decimal 310)
   defining Unicode char U+0137 (decimal 311)
   defining Unicode char U+0139 (decimal 313)
   defining Unicode char U+013A (decimal 314)
   defining Unicode char U+013B (decimal 315)
   defining Unicode char U+013C (decimal 316)
   defining Unicode char U+013D (decimal 317)
   defining Unicode char U+013E (decimal 318)
   defining Unicode char U+0141 (decimal 321)
   defining Unicode char U+0142 (decimal 322)
   defining Unicode char U+0143 (decimal 323)
   defining Unicode char U+0144 (decimal 324)
   defining Unicode char U+0145 (decimal 325)
   defining Unicode char U+0146 (decimal 326)
   defining Unicode char U+0147 (decimal 327)
   defining Unicode char U+0148 (decimal 328)
   defining Unicode char U+014A (decimal 330)
   defining Unicode char U+014B (decimal 331)
   defining Unicode char U+014C (decimal 332)
   defining Unicode char U+014D (decimal 333)
   defining Unicode char U+014E (decimal 334)
   defining Unicode char U+014F (decimal 335)
   defining Unicode char U+0150 (decimal 336)
   defining Unicode char U+0151 (decimal 337)
   defining Unicode char U+0152 (decimal 338)
   defining Unicode char U+0153 (decimal 339)
   defining Unicode char U+0154 (decimal 340)
   defining Unicode char U+0155 (decimal 341)
   defining Unicode char U+0156 (decimal 342)
   defining Unicode char U+0157 (decimal 343)
   defining Unicode char U+0158 (decimal 344)
   defining Unicode char U+0159 (decimal 345)
   defining Unicode char U+015A (decimal 346)
   defining Unicode char U+015B (decimal 347)
   defining Unicode char U+015C (decimal 348)
   defining Unicode char U+015D (decimal 349)
   defining Unicode char U+015E (decimal 350)
   defining Unicode char U+015F (decimal 351)
   defining Unicode char U+0160 (decimal 352)
   defining Unicode char U+0161 (decimal 353)
   defining Unicode char U+0162 (decimal 354)
   defining Unicode char U+0163 (decimal 355)
   defining Unicode char U+0164 (decimal 356)
   defining Unicode char U+0165 (decimal 357)
   defining Unicode char U+0168 (decimal 360)
   defining Unicode char U+0169 (decimal 361)
   defining Unicode char U+016A (decimal 362)
   defining Unicode char U+016B (decimal 363)
   defining Unicode char U+016C (decimal 364)
   defining Unicode char U+016D (decimal 365)
   defining Unicode char U+016E (decimal 366)
   defining Unicode char U+016F (decimal 367)
   defining Unicode char U+0170 (decimal 368)
   defining Unicode char U+0171 (decimal 369)
   defining Unicode char U+0172 (decimal 370)
   defining Unicode char U+0173 (decimal 371)
   defining Unicode char U+0174 (decimal 372)
   defining Unicode char U+0175 (decimal 373)
   defining Unicode char U+0176 (decimal 374)
   defining Unicode char U+0177 (decimal 375)
   defining Unicode char U+0178 (decimal 376)
   defining Unicode char U+0179 (decimal 377)
   defining Unicode char U+017A (decimal 378)
   defining Unicode char U+017B (decimal 379)
   defining Unicode char U+017C (decimal 380)
   defining Unicode char U+017D (decimal 381)
   defining Unicode char U+017E (decimal 382)
   defining Unicode char U+01CD (decimal 461)
   defining Unicode char U+01CE (decimal 462)
   defining Unicode char U+01CF (decimal 463)
   defining Unicode char U+01D0 (decimal 464)
   defining Unicode char U+01D1 (decimal 465)
   defining Unicode char U+01D2 (decimal 466)
   defining Unicode char U+01D3 (decimal 467)
   defining Unicode char U+01D4 (decimal 468)
   defining Unicode char U+01E2 (decimal 482)
   defining Unicode char U+01E3 (decimal 483)
   defining Unicode char U+01E6 (decimal 486)
   defining Unicode char U+01E7 (decimal 487)
   defining Unicode char U+01E8 (decimal 488)
   defining Unicode char U+01E9 (decimal 489)
   defining Unicode char U+01EA (decimal 490)
   defining Unicode char U+01EB (decimal 491)
   defining Unicode char U+01F0 (decimal 496)
   defining Unicode char U+01F4 (decimal 500)
   defining Unicode char U+01F5 (decimal 501)
   defining Unicode char U+0218 (decimal 536)
   defining Unicode char U+0219 (decimal 537)
   defining Unicode char U+021A (decimal 538)
   defining Unicode char U+021B (decimal 539)
   defining Unicode char U+0232 (decimal 562)
   defining Unicode char U+0233 (decimal 563)
   defining Unicode char U+1E02 (decimal 7682)
   defining Unicode char U+1E03 (decimal 7683)
   defining Unicode char U+200C (decimal 8204)
   defining Unicode char U+2010 (decimal 8208)
   defining Unicode char U+2011 (decimal 8209)
   defining Unicode char U+2012 (decimal 8210)
   defining Unicode char U+2013 (decimal 8211)
   defining Unicode char U+2014 (decimal 8212)
   defining Unicode char U+2015 (decimal 8213)
   defining Unicode char U+2018 (decimal 8216)
   defining Unicode char U+2019 (decimal 8217)
   defining Unicode char U+201A (decimal 8218)
   defining Unicode char U+201C (decimal 8220)
   defining Unicode char U+201D (decimal 8221)
   defining Unicode char U+201E (decimal 8222)
   defining Unicode char U+2030 (decimal 8240)
   defining Unicode char U+2031 (decimal 8241)
   defining Unicode char U+2039 (decimal 8249)
   defining Unicode char U+203A (decimal 8250)
   defining Unicode char U+2423 (decimal 9251)
   defining Unicode char U+1E20 (decimal 7712)
   defining Unicode char U+1E21 (decimal 7713)
)
Now handling font encoding OT1 ...
... processing UTF-8 mapping file for font encoding OT1

("C:\Program Files\MiKTeX 2.9\tex\latex\base\ot1enc.dfu"
File: ot1enc.dfu 2017/01/28 v1.1t UTF-8 support for inputenc
   defining Unicode char U+00A0 (decimal 160)
   defining Unicode char U+00A1 (decimal 161)
   defining Unicode char U+00A3 (decimal 163)
   defining Unicode char U+00AD (decimal 173)
   defining Unicode char U+00B8 (decimal 184)
   defining Unicode char U+00BF (decimal 191)
   defining Unicode char U+00C5 (decimal 197)
   defining Unicode char U+00C6 (decimal 198)
   defining Unicode char U+00D8 (decimal 216)
   defining Unicode char U+00DF (decimal 223)
   defining Unicode char U+00E6 (decimal 230)
   defining Unicode char U+00EC (decimal 236)
   defining Unicode char U+00ED (decimal 237)
   defining Unicode char U+00EE (decimal 238)
   defining Unicode char U+00EF (decimal 239)
   defining Unicode char U+00F8 (decimal 248)
   defining Unicode char U+0131 (decimal 305)
   defining Unicode char U+0141 (decimal 321)
   defining Unicode char U+0142 (decimal 322)
   defining Unicode char U+0152 (decimal 338)
   defining Unicode char U+0153 (decimal 339)
   defining Unicode char U+0174 (decimal 372)
   defining Unicode char U+0175 (decimal 373)
   defining Unicode char U+0176 (decimal 374)
   defining Unicode char U+0177 (decimal 375)
   defining Unicode char U+0218 (decimal 536)
   defining Unicode char U+0219 (decimal 537)
   defining Unicode char U+021A (decimal 538)
   defining Unicode char U+021B (decimal 539)
   defining Unicode char U+2013 (decimal 8211)
   defining Unicode char U+2014 (decimal 8212)
   defining Unicode char U+2018 (decimal 8216)
   defining Unicode char U+2019 (decimal 8217)
   defining Unicode char U+201C (decimal 8220)
   defining Unicode char U+201D (decimal 8221)
)
Now handling font encoding OMS ...
... processing UTF-8 mapping file for font encoding OMS

("C:\Program Files\MiKTeX 2.9\tex\latex\base\omsenc.dfu"
File: omsenc.dfu 2017/01/28 v1.1t UTF-8 support for inputenc
   defining Unicode char U+00A7 (decimal 167)
   defining Unicode char U+00B6 (decimal 182)
   defining Unicode char U+00B7 (decimal 183)
   defining Unicode char U+2020 (decimal 8224)
   defining Unicode char U+2021 (decimal 8225)
   defining Unicode char U+2022 (decimal 8226)
)
Now handling font encoding OMX ...
... no UTF-8 mapping file for font encoding OMX
Now handling font encoding U ...
... no UTF-8 mapping file for font encoding U
Now handling font encoding T2A ...
... processing UTF-8 mapping file for font encoding T2A

("C:\Program Files\MiKTeX 2.9\tex\latex\base\t2aenc.dfu"
File: t2aenc.dfu 2017/01/28 v1.1t UTF-8 support for inputenc
   defining Unicode char U+00A4 (decimal 164)
   defining Unicode char U+00A7 (decimal 167)
   defining Unicode char U+00AB (decimal 171)
   defining Unicode char U+00BB (decimal 187)
   defining Unicode char U+0131 (decimal 305)
   defining Unicode char U+0400 (decimal 1024)
   defining Unicode char U+0401 (decimal 1025)
   defining Unicode char U+0402 (decimal 1026)
   defining Unicode char U+0403 (decimal 1027)
   defining Unicode char U+0404 (decimal 1028)
   defining Unicode char U+0405 (decimal 1029)
   defining Unicode char U+0406 (decimal 1030)
   defining Unicode char U+0407 (decimal 1031)
   defining Unicode char U+0408 (decimal 1032)
   defining Unicode char U+0409 (decimal 1033)
   defining Unicode char U+040A (decimal 1034)
   defining Unicode char U+040B (decimal 1035)
   defining Unicode char U+040C (decimal 1036)
   defining Unicode char U+040D (decimal 1037)
   defining Unicode char U+040E (decimal 1038)
   defining Unicode char U+040F (decimal 1039)
   defining Unicode char U+0410 (decimal 1040)
   defining Unicode char U+0411 (decimal 1041)
   defining Unicode char U+0412 (decimal 1042)
   defining Unicode char U+0413 (decimal 1043)
   defining Unicode char U+0414 (decimal 1044)
   defining Unicode char U+0415 (decimal 1045)
   defining Unicode char U+0416 (decimal 1046)
   defining Unicode char U+0417 (decimal 1047)
   defining Unicode char U+0418 (decimal 1048)
   defining Unicode char U+0419 (decimal 1049)
   defining Unicode char U+041A (decimal 1050)
   defining Unicode char U+041B (decimal 1051)
   defining Unicode char U+041C (decimal 1052)
   defining Unicode char U+041D (decimal 1053)
   defining Unicode char U+041E (decimal 1054)
   defining Unicode char U+041F (decimal 1055)
   defining Unicode char U+0420 (decimal 1056)
   defining Unicode char U+0421 (decimal 1057)
   defining Unicode char U+0422 (decimal 1058)
   defining Unicode char U+0423 (decimal 1059)
   defining Unicode char U+0424 (decimal 1060)
   defining Unicode char U+0425 (decimal 1061)
   defining Unicode char U+0426 (decimal 1062)
   defining Unicode char U+0427 (decimal 1063)
   defining Unicode char U+0428 (decimal 1064)
   defining Unicode char U+0429 (decimal 1065)
   defining Unicode char U+042A (decimal 1066)
   defining Unicode char U+042B (decimal 1067)
   defining Unicode char U+042C (decimal 1068)
   defining Unicode char U+042D (decimal 1069)
   defining Unicode char U+042E (decimal 1070)
   defining Unicode char U+042F (decimal 1071)
   defining Unicode char U+0430 (decimal 1072)
   defining Unicode char U+0431 (decimal 1073)
   defining Unicode char U+0432 (decimal 1074)
   defining Unicode char U+0433 (decimal 1075)
   defining Unicode char U+0434 (decimal 1076)
   defining Unicode char U+0435 (decimal 1077)
   defining Unicode char U+0436 (decimal 1078)
   defining Unicode char U+0437 (decimal 1079)
   defining Unicode char U+0438 (decimal 1080)
   defining Unicode char U+0439 (decimal 1081)
   defining Unicode char U+043A (decimal 1082)
   defining Unicode char U+043B (decimal 1083)
   defining Unicode char U+043C (decimal 1084)
   defining Unicode char U+043D (decimal 1085)
   defining Unicode char U+043E (decimal 1086)
   defining Unicode char U+043F (decimal 1087)
   defining Unicode char U+0440 (decimal 1088)
   defining Unicode char U+0441 (decimal 1089)
   defining Unicode char U+0442 (decimal 1090)
   defining Unicode char U+0443 (decimal 1091)
   defining Unicode char U+0444 (decimal 1092)
   defining Unicode char U+0445 (decimal 1093)
   defining Unicode char U+0446 (decimal 1094)
   defining Unicode char U+0447 (decimal 1095)
   defining Unicode char U+0448 (decimal 1096)
   defining Unicode char U+0449 (decimal 1097)
   defining Unicode char U+044A (decimal 1098)
   defining Unicode char U+044B (decimal 1099)
   defining Unicode char U+044C (decimal 1100)
   defining Unicode char U+044D (decimal 1101)
   defining Unicode char U+044E (decimal 1102)
   defining Unicode char U+044F (decimal 1103)
   defining Unicode char U+0450 (decimal 1104)
   defining Unicode char U+0451 (decimal 1105)
   defining Unicode char U+0452 (decimal 1106)
   defining Unicode char U+0453 (decimal 1107)
   defining Unicode char U+0454 (decimal 1108)
   defining Unicode char U+0455 (decimal 1109)
   defining Unicode char U+0456 (decimal 1110)
   defining Unicode char U+0457 (decimal 1111)
   defining Unicode char U+0458 (decimal 1112)
   defining Unicode char U+0459 (decimal 1113)
   defining Unicode char U+045A (decimal 1114)
   defining Unicode char U+045B (decimal 1115)
   defining Unicode char U+045C (decimal 1116)
   defining Unicode char U+045D (decimal 1117)
   defining Unicode char U+045E (decimal 1118)
   defining Unicode char U+045F (decimal 1119)
   defining Unicode char U+0490 (decimal 1168)
   defining Unicode char U+0491 (decimal 1169)
   defining Unicode char U+0492 (decimal 1170)
   defining Unicode char U+0493 (decimal 1171)
   defining Unicode char U+0496 (decimal 1174)
   defining Unicode char U+0497 (decimal 1175)
   defining Unicode char U+0498 (decimal 1176)
   defining Unicode char U+0499 (decimal 1177)
   defining Unicode char U+049A (decimal 1178)
   defining Unicode char U+049B (decimal 1179)
   defining Unicode char U+049C (decimal 1180)
   defining Unicode char U+049D (decimal 1181)
   defining Unicode char U+04A0 (decimal 1184)
   defining Unicode char U+04A1 (decimal 1185)
   defining Unicode char U+04A2 (decimal 1186)
   defining Unicode char U+04A3 (decimal 1187)
   defining Unicode char U+04A4 (decimal 1188)
   defining Unicode char U+04A5 (decimal 1189)
   defining Unicode char U+04AA (decimal 1194)
   defining Unicode char U+04AB (decimal 1195)
   defining Unicode char U+04AE (decimal 1198)
   defining Unicode char U+04AF (decimal 1199)
   defining Unicode char U+04B0 (decimal 1200)
   defining Unicode char U+04B1 (decimal 1201)
   defining Unicode char U+04B2 (decimal 1202)
   defining Unicode char U+04B3 (decimal 1203)
   defining Unicode char U+04B6 (decimal 1206)
   defining Unicode char U+04B7 (decimal 1207)
   defining Unicode char U+04B8 (decimal 1208)
   defining Unicode char U+04B9 (decimal 1209)
   defining Unicode char U+04BA (decimal 1210)
   defining Unicode char U+04BB (decimal 1211)
   defining Unicode char U+04C0 (decimal 1216)
   defining Unicode char U+04C1 (decimal 1217)
   defining Unicode char U+04C2 (decimal 1218)
   defining Unicode char U+04D0 (decimal 1232)
   defining Unicode char U+04D1 (decimal 1233)
   defining Unicode char U+04D2 (decimal 1234)
   defining Unicode char U+04D3 (decimal 1235)
   defining Unicode char U+04D4 (decimal 1236)
   defining Unicode char U+04D5 (decimal 1237)
   defining Unicode char U+04D6 (decimal 1238)
   defining Unicode char U+04D7 (decimal 1239)
   defining Unicode char U+04D8 (decimal 1240)
   defining Unicode char U+04D9 (decimal 1241)
   defining Unicode char U+04DA (decimal 1242)
   defining Unicode char U+04DB (decimal 1243)
   defining Unicode char U+04DC (decimal 1244)
   defining Unicode char U+04DD (decimal 1245)
   defining Unicode char U+04DE (decimal 1246)
   defining Unicode char U+04DF (decimal 1247)
   defining Unicode char U+04E2 (decimal 1250)
   defining Unicode char U+04E3 (decimal 1251)
   defining Unicode char U+04E4 (decimal 1252)
   defining Unicode char U+04E5 (decimal 1253)
   defining Unicode char U+04E6 (decimal 1254)
   defining Unicode char U+04E7 (decimal 1255)
   defining Unicode char U+04E8 (decimal 1256)
   defining Unicode char U+04E9 (decimal 1257)
   defining Unicode char U+04EC (decimal 1260)
   defining Unicode char U+04ED (decimal 1261)
   defining Unicode char U+04EE (decimal 1262)
   defining Unicode char U+04EF (decimal 1263)
   defining Unicode char U+04F0 (decimal 1264)
   defining Unicode char U+04F1 (decimal 1265)
   defining Unicode char U+04F2 (decimal 1266)
   defining Unicode char U+04F3 (decimal 1267)
   defining Unicode char U+04F4 (decimal 1268)
   defining Unicode char U+04F5 (decimal 1269)
   defining Unicode char U+04F8 (decimal 1272)
   defining Unicode char U+04F9 (decimal 1273)
   defining Unicode char U+200C (decimal 8204)
   defining Unicode char U+2013 (decimal 8211)
   defining Unicode char U+2014 (decimal 8212)
   defining Unicode char U+2018 (decimal 8216)
   defining Unicode char U+2019 (decimal 8217)
   defining Unicode char U+201C (decimal 8220)
   defining Unicode char U+201D (decimal 8221)
   defining Unicode char U+201E (decimal 8222)
   defining Unicode char U+2030 (decimal 8240)
   defining Unicode char U+2031 (decimal 8241)
   defining Unicode char U+2116 (decimal 8470)
   defining Unicode char U+2329 (decimal 9001)
   defining Unicode char U+232A (decimal 9002)
   defining Unicode char U+2423 (decimal 9251)
)
   defining Unicode char U+00A9 (decimal 169)
   defining Unicode char U+00AA (decimal 170)
   defining Unicode char U+00AE (decimal 174)
   defining Unicode char U+00BA (decimal 186)
   defining Unicode char U+02C6 (decimal 710)
   defining Unicode char U+02DC (decimal 732)
   defining Unicode char U+200C (decimal 8204)
   defining Unicode char U+2026 (decimal 8230)
   defining Unicode char U+2122 (decimal 8482)
   defining Unicode char U+2423 (decimal 9251)
))
("C:\Program Files\MiKTeX 2.9\tex\generic\babel\babel.sty"
Package: babel 2017/05/19 3.10 The Babel package

*************************************
* Local config file bblopts.cfg used
*
("C:\Program Files\MiKTeX 2.9\tex\latex\arabi\bblopts.cfg"
File: bblopts.cfg 2005/09/08 v0.1 add Arabic and Farsi to "declared" options of
 babel
)
("C:\Program Files\MiKTeX 2.9\tex\latex\babel-english\english.ldf"
Language: english 2017/01/24 v3.3q English support from the babel system

("C:\Program Files\MiKTeX 2.9\tex\generic\babel\babel.def"
File: babel.def 2017/05/19 3.10 Babel common definitions
\babel@savecnt=\count88
\U@D=\dimen103
)
\l@canadian = a dialect from \language\l@american 
\l@australian = a dialect from \language\l@british 
\l@newzealand = a dialect from \language\l@british 
)
("C:\Program Files\MiKTeX 2.9\tex\latex\babel-russian\russianb.ldf"
Language: russian 2017/08/12 1.3j Russian support for the Babel system
Package babel Info: Making " an active character on input line 120.
Package babel Info: Default for \cyrdash is provided on input line 157.
))
("C:\Program Files\MiKTeX 2.9\tex\latex\graphics\graphicx.sty"
Package: graphicx 2014/10/28 v1.0g Enhanced LaTeX Graphics (DPC,SPQR)

("C:\Program Files\MiKTeX 2.9\tex\latex\graphics\graphics.sty"
Package: graphics 2017/04/14 v1.1b Standard LaTeX Graphics (DPC,SPQR)

("C:\Program Files\MiKTeX 2.9\tex\latex\graphics\trig.sty"
Package: trig 2016/01/03 v1.10 sin cos tan (DPC)
)
("C:\Program Files\MiKTeX 2.9\tex\latex\graphics-cfg\graphics.cfg"
File: graphics.cfg 2016/06/04 v1.11 sample graphics configuration
)
Package graphics Info: Driver file: pdftex.def on input line 99.

("C:\Program Files\MiKTeX 2.9\tex\latex\graphics-def\pdftex.def"
File: pdftex.def 2017/01/12 v0.06k Graphics/color for pdfTeX

("C:\Program Files\MiKTeX 2.9\tex\generic\oberdiek\infwarerr.sty"
Package: infwarerr 2016/05/16 v1.4 Providing info/warning/error messages (HO)
)
("C:\Program Files\MiKTeX 2.9\tex\generic\oberdiek\ltxcmds.sty"
Package: ltxcmds 2016/05/16 v1.23 LaTeX kernel commands for general use (HO)
)
\Gread@gobject=\count89
))
\Gin@req@height=\dimen104
\Gin@req@width=\dimen105
)
("C:\Program Files\MiKTeX 2.9\tex\latex\wrapfig\wrapfig.sty"
\wrapoverhang=\dimen106
\WF@size=\dimen107
\c@WF@wrappedlines=\count90
\WF@box=\box28
\WF@everypar=\toks17
Package: wrapfig 2003/01/31  v 3.6
)
("C:\Program Files\MiKTeX 2.9\tex\latex\movie15\movie15.sty"
Package: movie15 2012/05/16

("C:\Program Files\MiKTeX 2.9\tex\latex\base\ifthen.sty"
Package: ifthen 2014/09/29 v1.1c Standard LaTeX ifthen package (DPC)
)
("C:\Program Files\MiKTeX 2.9\tex\generic\oberdiek\ifpdf.sty"
Package: ifpdf 2017/03/15 v3.2 Provides the ifpdf switch
)
("C:\Program Files\MiKTeX 2.9\tex\latex\oberdiek\ifdraft.sty"
Package: ifdraft 2016/05/16 v1.4 Detect class options draft and final (HO)
)
("C:\Program Files\MiKTeX 2.9\tex\latex\ms\everyshi.sty"
Package: everyshi 2001/05/15 v3.00 EveryShipout Package (MS)
)
\@MXV@page=\count91
\@MXV@adict=\count92
\@MXV@aadict=\count93
\@MXV@includes=\count94
\@MXV@players=\count95
\@MXV@links=\count96
\@MXV@width=\dimen108
\@MXV@height=\dimen109
\@MXV@depth=\dimen110
\@MXV@totalheight=\dimen111
\@MXV@@boxdepth=\dimen112
\@MXV@traiselen=\dimen113
\@MXV@braiselen=\dimen114
\@MXV@start=\dimen115
\@MXV@end=\dimen116
\@MXV@textbox=\box29
)
("C:\Program Files\MiKTeX 2.9\tex\latex\media9\media9.sty"
("C:\Program Files\MiKTeX 2.9\tex\latex\l3kernel\expl3.sty"
Package: expl3 2018-06-01 L3 programming layer (loader) 

("C:\Program Files\MiKTeX 2.9\tex\latex\l3kernel\expl3-code.tex"
Package: expl3 2018-06-01 L3 programming layer (code)
\c_max_int=\count97
\l_tmpa_int=\count98
\l_tmpb_int=\count99
\g_tmpa_int=\count100
\g_tmpb_int=\count101
\g__kernel_prg_map_int=\count102
\c_log_iow=\count103
\l_iow_line_count_int=\count104
\l__iow_line_target_int=\count105
\l__iow_one_indent_int=\count106
\l__iow_indent_int=\count107
\c_zero_dim=\dimen117
\c_max_dim=\dimen118
\l_tmpa_dim=\dimen119
\l_tmpb_dim=\dimen120
\g_tmpa_dim=\dimen121
\g_tmpb_dim=\dimen122
\c_zero_skip=\skip57
\c_max_skip=\skip58
\l_tmpa_skip=\skip59
\l_tmpb_skip=\skip60
\g_tmpa_skip=\skip61
\g_tmpb_skip=\skip62
\c_zero_muskip=\muskip10
\c_max_muskip=\muskip11
\l_tmpa_muskip=\muskip12
\l_tmpb_muskip=\muskip13
\g_tmpa_muskip=\muskip14
\g_tmpb_muskip=\muskip15
\l_keys_choice_int=\count108
\l__intarray_loop_int=\count109
\c__intarray_sp_dim=\dimen123
\g__intarray_font_int=\count110
\c__fp_leading_shift_int=\count111
\c__fp_middle_shift_int=\count112
\c__fp_trailing_shift_int=\count113
\c__fp_big_leading_shift_int=\count114
\c__fp_big_middle_shift_int=\count115
\c__fp_big_trailing_shift_int=\count116
\c__fp_Bigg_leading_shift_int=\count117
\c__fp_Bigg_middle_shift_int=\count118
\c__fp_Bigg_trailing_shift_int=\count119
\c__kernel_randint_max_int=\count120
\g__fp_array_int=\count121
\l__fp_array_loop_int=\count122
\l__sort_length_int=\count123
\l__sort_min_int=\count124
\l__sort_top_int=\count125
\l__sort_max_int=\count126
\l__sort_true_max_int=\count127
\l__sort_block_int=\count128
\l__sort_begin_int=\count129
\l__sort_end_int=\count130
\l__sort_A_int=\count131
\l__sort_B_int=\count132
\l__sort_C_int=\count133
\l__tl_analysis_normal_int=\count134
\l__tl_analysis_index_int=\count135
\l__tl_analysis_nesting_int=\count136
\l__tl_analysis_type_int=\count137
\l__regex_internal_a_int=\count138
\l__regex_internal_b_int=\count139
\l__regex_internal_c_int=\count140
\l__regex_balance_int=\count141
\l__regex_group_level_int=\count142
\l__regex_mode_int=\count143
\c__regex_cs_in_class_mode_int=\count144
\c__regex_cs_mode_int=\count145
\l__regex_catcodes_int=\count146
\l__regex_default_catcodes_int=\count147
\c__regex_catcode_D_int=\count148
\c__regex_catcode_S_int=\count149
\c__regex_catcode_L_int=\count150
\c__regex_catcode_O_int=\count151
\c__regex_catcode_A_int=\count152
\c__regex_all_catcodes_int=\count153
\l__regex_show_lines_int=\count154
\l__regex_min_state_int=\count155
\l__regex_max_state_int=\count156
\l__regex_left_state_int=\count157
\l__regex_right_state_int=\count158
\l__regex_capturing_group_int=\count159
\l__regex_min_pos_int=\count160
\l__regex_max_pos_int=\count161
\l__regex_curr_pos_int=\count162
\l__regex_start_pos_int=\count163
\l__regex_success_pos_int=\count164
\l__regex_curr_char_int=\count165
\l__regex_curr_catcode_int=\count166
\l__regex_last_char_int=\count167
\l__regex_case_changed_char_int=\count168
\l__regex_curr_state_int=\count169
\l__regex_step_int=\count170
\l__regex_min_active_int=\count171
\l__regex_max_active_int=\count172
\l__regex_replacement_csnames_int=\count173
\l__regex_match_count_int=\count174
\l__regex_min_submatch_int=\count175
\l__regex_submatch_int=\count176
\l__regex_zeroth_submatch_int=\count177
\g__regex_trace_regex_int=\count178
\c_empty_box=\box30
\l_tmpa_box=\box31
\l_tmpb_box=\box32
\g_tmpa_box=\box33
\g_tmpb_box=\box34
\l__box_top_dim=\dimen124
\l__box_bottom_dim=\dimen125
\l__box_left_dim=\dimen126
\l__box_right_dim=\dimen127
\l__box_top_new_dim=\dimen128
\l__box_bottom_new_dim=\dimen129
\l__box_left_new_dim=\dimen130
\l__box_right_new_dim=\dimen131
\l__box_internal_box=\box35
\l__coffin_internal_box=\box36
\l__coffin_internal_dim=\dimen132
\l__coffin_offset_x_dim=\dimen133
\l__coffin_offset_y_dim=\dimen134
\l__coffin_x_dim=\dimen135
\l__coffin_y_dim=\dimen136
\l__coffin_x_prime_dim=\dimen137
\l__coffin_y_prime_dim=\dimen138
\c_empty_coffin=\box37
\l__coffin_aligned_coffin=\box38
\l__coffin_aligned_internal_coffin=\box39
\l_tmpa_coffin=\box40
\l_tmpb_coffin=\box41
\l__coffin_display_coffin=\box42
\l__coffin_display_coord_coffin=\box43
\l__coffin_display_pole_coffin=\box44
\l__coffin_display_offset_dim=\dimen139
\l__coffin_display_x_dim=\dimen140
\l__coffin_display_y_dim=\dimen141
\g__file_internal_ior=\read1
\l__coffin_bounding_shift_dim=\dimen142
\l__coffin_left_corner_dim=\dimen143
\l__coffin_right_corner_dim=\dimen144
\l__coffin_bottom_corner_dim=\dimen145
\l__coffin_top_corner_dim=\dimen146
\l__coffin_scaled_total_height_dim=\dimen147
\l__coffin_scaled_width_dim=\dimen148
\l__seq_internal_a_int=\count179
\l__seq_internal_b_int=\count180
)
("C:\Program Files\MiKTeX 2.9\tex\latex\l3kernel\l3pdfmode.def"
File: l3pdfmode.def 2018-06-01 v L3 Experimental driver: PDF mode
\l__driver_color_stack_int=\count181
))
("C:\Program Files\MiKTeX 2.9\tex\latex\l3packages\l3keys2e\l3keys2e.sty"
Package: l3keys2e 2018-05-12 LaTeX2e option processing using LaTeX3 keys
)
("C:\Program Files\MiKTeX 2.9\tex\latex\l3packages\xparse\xparse.sty"
Package: xparse 2018-05-12 L3 Experimental document command parser
\l__xparse_current_arg_int=\count182
\g__xparse_grabber_int=\count183
\l__xparse_m_args_int=\count184
\l__xparse_mandatory_args_int=\count185
\l__xparse_v_nesting_int=\count186
)
("C:\Program Files\MiKTeX 2.9\tex\generic\oberdiek\atbegshi.sty"
Package: atbegshi 2016/06/09 v1.18 At begin shipout hook (HO)
)
Package: media9 2018/04/06 v0.92 acrobat-9/X compatible media
\g_mix_pkgresizeflag_int=\count187

("C:\Program Files\MiKTeX 2.9\tex\latex\media9\pdfbase.sty"
Package: pdfbase 2018/04/06 v0.23 driver independent access to low-level PDF fe
atures
\g_pbs_page_int=\count188
\g_pbs_oc_int=\count189
)
("C:\Program Files\MiKTeX 2.9\tex\latex\ocgx2\ocgbase.sty"
Package: ocgbase 2018/04/06 v0.13 support package for ocgx2.sty
\g_ocgbase_nd_int=\count190
)
\l_mix_poster_box=\box45
\g_mix_wd_dim=\dimen149
\g_mix_ht_dim=\dimen150
\g_mix_dp_dim=\dimen151
\g_mix_rmcnt_int=\count191
\l_mix_viewcnt_int=\count192
\g@mix@page@int=\count193
\g_mix_resizeflag_int=\count194
\l_mix_lineno_int=\count195
.................................................
. LaTeX info: "xparse/define-command"
. 
. Defining command \addmediapath with sig. 'm' on line 804.
.................................................
\l_mix_pbtn_box=\box46
\mix@btn@dim=\dimen152
.................................................
. LaTeX info: "xparse/define-command"
. 
. Defining command \includemedia with sig. 'O{}mm' on line 1212.
.................................................
\g_mix_mbtncnt_int=\count196
.................................................
. LaTeX info: "xparse/define-command"
. 
. Defining command \mediabutton with sig. 'O{}m' on line 2418.
.................................................
)
("C:\Program Files\MiKTeX 2.9\tex\latex\animate\animate.sty"
Package: animate 2018/02/28 PDF animations from files and inline graphics

("C:\Program Files\MiKTeX 2.9\tex\latex\xkeyval\xkeyval.sty"
Package: xkeyval 2014/12/03 v2.7a package option processing (HA)

("C:\Program Files\MiKTeX 2.9\tex\generic\xkeyval\xkeyval.tex"
("C:\Program Files\MiKTeX 2.9\tex\generic\xkeyval\xkvutils.tex"
\XKV@toks=\toks18
\XKV@tempa@toks=\toks19
)
\XKV@depth=\count197
File: xkeyval.tex 2014/12/03 v2.7a key=value parser (HA)
))
("C:\Program Files\MiKTeX 2.9\tex\generic\oberdiek\ifluatex.sty"
Package: ifluatex 2016/05/16 v1.4 Provides the ifluatex switch (HO)
Package ifluatex Info: LuaTeX not detected.
)
("C:\Program Files\MiKTeX 2.9\tex\generic\ifxetex\ifxetex.sty"
Package: ifxetex 2010/09/12 v0.6 Provides ifxetex conditional
)
("C:\Program Files\MiKTeX 2.9\tex\latex\tools\calc.sty"
Package: calc 2014/10/28 v4.3 Infix arithmetic (KKT,FJ)
\calc@Acount=\count198
\calc@Bcount=\count199
\calc@Adimen=\dimen153
\calc@Bdimen=\dimen154
\calc@Askip=\skip63
\calc@Bskip=\skip64
LaTeX Info: Redefining \setlength on input line 80.
LaTeX Info: Redefining \addtolength on input line 81.
\calc@Ccount=\count266
\calc@Cskip=\skip65
)
\@anim@box=\box47
\@anim@measbox=\box48
\@anim@tmpdima=\dimen155
\@anim@tmpdimb=\dimen156
\@anim@num=\count267
\@anim@curframe=\count268
\@anim@curframe@zb=\count269
\@anim@resizeflags=\count270
\@anim@skipfram=\count271
\@anim@mulframecnt=\count272
\@anim@@tmlnfile=\read2
\@anim@tmpcnt=\count273
\c@@anim@ltxcnt=\count274
\@anim@curlayer=\count275
\@anim@lineno=\count276
\@anim@curfield=\count277
\@anim@@resizeflags=\count278
)
("C:\Program Files\MiKTeX 2.9\tex\latex\hyperref\hyperref.sty"
Package: hyperref 2017/03/14 v6.85a Hypertext links for LaTeX

("C:\Program Files\MiKTeX 2.9\tex\generic\oberdiek\hobsub-hyperref.sty"
Package: hobsub-hyperref 2016/05/16 v1.14 Bundle oberdiek, subset hyperref (HO)


("C:\Program Files\MiKTeX 2.9\tex\generic\oberdiek\hobsub-generic.sty"
Package: hobsub-generic 2016/05/16 v1.14 Bundle oberdiek, subset generic (HO)
Package: hobsub 2016/05/16 v1.14 Construct package bundles (HO)
Package hobsub Info: Skipping package `infwarerr' (already loaded).
Package hobsub Info: Skipping package `ltxcmds' (already loaded).
Package hobsub Info: Skipping package `ifluatex' (already loaded).
Package: ifvtex 2016/05/16 v1.6 Detect VTeX and its facilities (HO)
Package ifvtex Info: VTeX not detected.
Package: intcalc 2016/05/16 v1.2 Expandable calculations with integers (HO)
Package hobsub Info: Skipping package `ifpdf' (already loaded).
Package: etexcmds 2016/05/16 v1.6 Avoid name clashes with e-TeX commands (HO)
Package etexcmds Info: Could not find \expanded.
(etexcmds)             That can mean that you are not using pdfTeX 1.50 or
(etexcmds)             that some package has redefined \expanded.
(etexcmds)             In the latter case, load this package earlier.
Package: kvsetkeys 2016/05/16 v1.17 Key value parser (HO)
Package: kvdefinekeys 2016/05/16 v1.4 Define keys (HO)
Package: pdftexcmds 2017/03/19 v0.25 Utility functions of pdfTeX for LuaTeX (HO
)
Package pdftexcmds Info: LuaTeX not detected.
Package pdftexcmds Info: \pdf@primitive is available.
Package pdftexcmds Info: \pdf@ifprimitive is available.
Package pdftexcmds Info: \pdfdraftmode found.
Package: pdfescape 2016/05/16 v1.14 Implements pdfTeX's escape features (HO)
Package: bigintcalc 2016/05/16 v1.4 Expandable calculations on big integers (HO
)
Package: bitset 2016/05/16 v1.2 Handle bit-vector datatype (HO)
Package: uniquecounter 2016/05/16 v1.3 Provide unlimited unique counter (HO)
)
Package hobsub Info: Skipping package `hobsub' (already loaded).
Package: letltxmacro 2016/05/16 v1.5 Let assignment for LaTeX macros (HO)
Package: hopatch 2016/05/16 v1.3 Wrapper for package hooks (HO)
Package: xcolor-patch 2016/05/16 xcolor patch
Package: atveryend 2016/05/16 v1.9 Hooks at the very end of document (HO)
Package atveryend Info: \enddocument detected (standard20110627).
Package hobsub Info: Skipping package `atbegshi' (already loaded).
Package: refcount 2016/05/16 v3.5 Data extraction from label references (HO)
Package: hycolor 2016/05/16 v1.8 Color options for hyperref/bookmark (HO)
)
("C:\Program Files\MiKTeX 2.9\tex\latex\oberdiek\auxhook.sty"
Package: auxhook 2016/05/16 v1.4 Hooks for auxiliary files (HO)
)
("C:\Program Files\MiKTeX 2.9\tex\latex\oberdiek\kvoptions.sty"
Package: kvoptions 2016/05/16 v3.12 Key value format for package options (HO)
)
\@linkdim=\dimen157
\Hy@linkcounter=\count279
\Hy@pagecounter=\count280

("C:\Program Files\MiKTeX 2.9\tex\latex\hyperref\pd1enc.def"
File: pd1enc.def 2017/03/14 v6.85a Hyperref: PDFDocEncoding definition (HO)
Now handling font encoding PD1 ...
... no UTF-8 mapping file for font encoding PD1
)
\Hy@SavedSpaceFactor=\count281
Package hyperref Info: Option `unicode' set `true' on input line 3453.

("C:\Program Files\MiKTeX 2.9\tex\latex\hyperref\puenc.def"
File: puenc.def 2017/03/14 v6.85a Hyperref: PDF Unicode definition (HO)
Now handling font encoding PU ...
... no UTF-8 mapping file for font encoding PU
)
("C:\Program Files\MiKTeX 2.9\tex\latex\00miktex\hyperref.cfg"
File: hyperref.cfg 2002/06/06 v1.2 hyperref configuration of TeXLive
)
Package hyperref Info: Hyper figures OFF on input line 4498.
Package hyperref Info: Link nesting OFF on input line 4503.
Package hyperref Info: Hyper index ON on input line 4506.
Package hyperref Info: Plain pages OFF on input line 4513.
Package hyperref Info: Backreferencing OFF on input line 4518.
Package hyperref Info: Implicit mode ON; LaTeX internals redefined.
Package hyperref Info: Bookmarks ON on input line 4751.
\c@Hy@tempcnt=\count282

("C:\Program Files\MiKTeX 2.9\tex\latex\url\url.sty"
\Urlmuskip=\muskip16
Package: url 2013/09/16  ver 3.4  Verb mode for urls, etc.
)
LaTeX Info: Redefining \url on input line 5104.
\XeTeXLinkMargin=\dimen158
\Fld@menulength=\count283
\Field@Width=\dimen159
\Fld@charsize=\dimen160
Package hyperref Info: Hyper figures OFF on input line 6358.
Package hyperref Info: Link nesting OFF on input line 6363.
Package hyperref Info: Hyper index ON on input line 6366.
Package hyperref Info: backreferencing OFF on input line 6373.
Package hyperref Info: Link coloring OFF on input line 6378.
Package hyperref Info: Link coloring with OCG OFF on input line 6383.
Package hyperref Info: PDF/A mode OFF on input line 6388.
LaTeX Info: Redefining \ref on input line 6428.
LaTeX Info: Redefining \pageref on input line 6432.
\Hy@abspage=\count284
\c@Item=\count285
\c@Hfootnote=\count286
)

Package hyperref Message: Driver (autodetected): hpdftex.

("C:\Program Files\MiKTeX 2.9\tex\latex\hyperref\hpdftex.def"
File: hpdftex.def 2017/03/14 v6.85a Hyperref driver for pdfTeX
\Fld@listcount=\count287
\c@bookmark@seq@number=\count288

("C:\Program Files\MiKTeX 2.9\tex\latex\oberdiek\rerunfilecheck.sty"
Package: rerunfilecheck 2016/05/16 v1.8 Rerun checks for auxiliary files (HO)
Package uniquecounter Info: New unique counter `rerunfilecheck' on input line 2
82.
)
\Hy@SectionHShift=\skip66
)
("C:\Program Files\MiKTeX 2.9\tex\latex\caption\subcaption.sty"
Package: subcaption 2018/05/01 v1.1-162 Sub-captions (AR)

("C:\Program Files\MiKTeX 2.9\tex\latex\caption\caption.sty"
Package: caption 2018/05/01 v3.3-147 Customizing captions (AR)

("C:\Program Files\MiKTeX 2.9\tex\latex\caption\caption3.sty"
Package: caption3 2018/05/27 v1.8a caption3 kernel (AR)
Package caption3 Info: TeX engine: e-TeX on input line 64.
\captionmargin=\dimen161
\captionmargin@=\dimen162
\captionwidth=\dimen163
\caption@tempdima=\dimen164
\caption@indent=\dimen165
\caption@parindent=\dimen166
\caption@hangindent=\dimen167
)
Package caption Info: KOMA-Script document class.
\c@ContinuedFloat=\count289
Package caption Info: hyperref package is loaded.
Package caption Info: wrapfig package is loaded.
)
\c@subfigure=\count290
\c@subtable=\count291
)
("C:\Program Files\MiKTeX 2.9\tex\latex\sectsty\sectsty.sty"
Package: sectsty 2002/02/25 v2.0.2 Commands to change all sectional heading sty
les
)

Class scrartcl Warning: Usage of package `fancyhdr' together
(scrartcl)              with a KOMA-Script class is not recommended.
(scrartcl)              I'd suggest to use 
(scrartcl)              package `scrlayer' or `scrlayer-scrpage', because
(scrartcl)              they support KOMA-Script classes.
(scrartcl)              With `fancyhdr' several features of class `scrartcl'
(scrartcl)              like options `headsepline', `footsepline' or command
(scrartcl)              `\MakeMarkcase' and the commands `\setkomafont' and
(scrartcl)              `\addtokomafont' for the page style elements need
(scrartcl)              explicite user intervention to work.
(scrartcl)              Nevertheless, using requested
(scrartcl)              package `fancyhdr' on input line 40.

("C:\Program Files\MiKTeX 2.9\tex\latex\fancyhdr\fancyhdr.sty"
Package: fancyhdr 2017/06/30 v3.9a Extensive control of page headers and footer
s
\f@nch@headwidth=\skip67
\f@nch@O@elh=\skip68
\f@nch@O@erh=\skip69
\f@nch@O@olh=\skip70
\f@nch@O@orh=\skip71
\f@nch@O@elf=\skip72
\f@nch@O@erf=\skip73
\f@nch@O@olf=\skip74
\f@nch@O@orf=\skip75
)
("C:\Program Files\MiKTeX 2.9\tex\latex\amsmath\amsmath.sty"
Package: amsmath 2016/11/05 v2.16a AMS math features
\@mathmargin=\skip76

For additional information on amsmath, use the `?' option.
("C:\Program Files\MiKTeX 2.9\tex\latex\amsmath\amstext.sty"
Package: amstext 2000/06/29 v2.01 AMS text

("C:\Program Files\MiKTeX 2.9\tex\latex\amsmath\amsgen.sty"
File: amsgen.sty 1999/11/30 v2.0 generic functions
\@emptytoks=\toks20
\ex@=\dimen168
))
("C:\Program Files\MiKTeX 2.9\tex\latex\amsmath\amsbsy.sty"
Package: amsbsy 1999/11/29 v1.2d Bold Symbols
\pmbraise@=\dimen169
)
("C:\Program Files\MiKTeX 2.9\tex\latex\amsmath\amsopn.sty"
Package: amsopn 2016/03/08 v2.02 operator names
)
\inf@bad=\count292
LaTeX Info: Redefining \frac on input line 213.
\uproot@=\count293
\leftroot@=\count294
LaTeX Info: Redefining \overline on input line 375.
\classnum@=\count295
\DOTSCASE@=\count296
LaTeX Info: Redefining \ldots on input line 472.
LaTeX Info: Redefining \dots on input line 475.
LaTeX Info: Redefining \cdots on input line 596.
\Mathstrutbox@=\box49
\strutbox@=\box50
\big@size=\dimen170
LaTeX Font Info:    Redeclaring font encoding OML on input line 712.
LaTeX Font Info:    Redeclaring font encoding OMS on input line 713.
\macc@depth=\count297
\c@MaxMatrixCols=\count298
\dotsspace@=\muskip17
\c@parentequation=\count299
\dspbrk@lvl=\count300
\tag@help=\toks21
\row@=\count301
\column@=\count302
\maxfields@=\count303
\andhelp@=\toks22
\eqnshift@=\dimen171
\alignsep@=\dimen172
\tagshift@=\dimen173
\tagwidth@=\dimen174
\totwidth@=\dimen175
\lineht@=\dimen176
\@envbody=\toks23
\multlinegap=\skip77
\multlinetaggap=\skip78
\mathdisplay@stack=\toks24
LaTeX Info: Redefining \[ on input line 2817.
LaTeX Info: Redefining \] on input line 2818.
)
("C:\Program Files\MiKTeX 2.9\tex\latex\tools\enumerate.sty"
Package: enumerate 2015/07/23 v3.00 enumerate extensions (DPC)
\@enLab=\toks25
)
(exam_20_06_v2.0.aux)
\openout1 = `exam_20_06_v2.0.aux'.

LaTeX Font Info:    Checking defaults for OML/cmm/m/it on input line 77.
LaTeX Font Info:    ... okay on input line 77.
LaTeX Font Info:    Checking defaults for T1/cmr/m/n on input line 77.
LaTeX Font Info:    ... okay on input line 77.
LaTeX Font Info:    Checking defaults for OT1/cmr/m/n on input line 77.
LaTeX Font Info:    ... okay on input line 77.
LaTeX Font Info:    Checking defaults for OMS/cmsy/m/n on input line 77.
LaTeX Font Info:    ... okay on input line 77.
LaTeX Font Info:    Checking defaults for OMX/cmex/m/n on input line 77.
LaTeX Font Info:    ... okay on input line 77.
LaTeX Font Info:    Checking defaults for U/cmr/m/n on input line 77.
LaTeX Font Info:    ... okay on input line 77.
LaTeX Font Info:    Checking defaults for T2A/cmr/m/n on input line 77.
LaTeX Font Info:    ... okay on input line 77.
LaTeX Font Info:    Checking defaults for PD1/pdf/m/n on input line 77.
LaTeX Font Info:    ... okay on input line 77.
LaTeX Font Info:    Checking defaults for PU/pdf/m/n on input line 77.
LaTeX Font Info:    ... okay on input line 77.

("C:\Program Files\MiKTeX 2.9\tex\context\base\supp-pdf.mkii"
[Loading MPS to PDF converter (version 2006.09.02).]
\scratchcounter=\count304
\scratchdimen=\dimen177
\scratchbox=\box51
\nofMPsegments=\count305
\nofMParguments=\count306
\everyMPshowfont=\toks26
\MPscratchCnt=\count307
\MPscratchDim=\dimen178
\MPnumerator=\count308
\makeMPintoPDFobject=\count309
\everyMPtoPDFconversion=\toks27
) ("C:\Program Files\MiKTeX 2.9\tex\latex\oberdiek\epstopdf-base.sty"
Package: epstopdf-base 2016/05/15 v2.6 Base part for package epstopdf

("C:\Program Files\MiKTeX 2.9\tex\latex\oberdiek\grfext.sty"
Package: grfext 2016/05/16 v1.2 Manage graphics extensions (HO)
)
Package epstopdf-base Info: Redefining graphics rule for `.eps' on input line 4
38.
Package grfext Info: Graphics extension search list:
(grfext)             [.png,.pdf,.jpg,.mps,.jpeg,.jbig2,.jb2,.PNG,.PDF,.JPG,.JPE
G,.JBIG2,.JB2,.eps]
(grfext)             \AppendGraphicsExtensions on input line 456.
)
ABD: EveryShipout initializing macros
\AtBeginShipoutBox=\box52
Package hyperref Info: Link coloring OFF on input line 77.

("C:\Program Files\MiKTeX 2.9\tex\latex\hyperref\nameref.sty"
Package: nameref 2016/05/21 v2.44 Cross-referencing by name of section

("C:\Program Files\MiKTeX 2.9\tex\generic\oberdiek\gettitlestring.sty"
Package: gettitlestring 2016/05/16 v1.5 Cleanup title references (HO)
)
\c@section@level=\count310
)
LaTeX Info: Redefining \ref on input line 77.
LaTeX Info: Redefining \pageref on input line 77.
LaTeX Info: Redefining \nameref on input line 77.

(exam_20_06_v2.0.out) (exam_20_06_v2.0.out)
\@outlinefile=\write3
\openout3 = `exam_20_06_v2.0.out'.

Package caption Info: Begin \AtBeginDocument code.
Package caption Info: End \AtBeginDocument code.
LaTeX Font Info:    Try loading font information for T2A+cmss on input line 80.


("C:\Program Files\MiKTeX 2.9\tex\latex\cyrillic\t2acmss.fd"
File: t2acmss.fd 2001/08/11 v1.0a Computer Modern Cyrillic font definitions
)<<ot1.cmap>><<oml.cmap>><<oms.cmap>><<omx.cmap>>
Package babel Info: Redefining russian shorthand "|
(babel)             in language  on input line 84.
Package babel Info: Redefining russian shorthand "~
(babel)             in language  on input line 84.

<images/perc.png, id=80, 1027.84pt x 719.68875pt>
File: images/perc.png Graphic file (type png)
 <use images/perc.png>
Package pdftex.def Info: images/perc.png used on input line 92.
(pdftex.def)             Requested size: 256.95937pt x 179.92174pt.

Overfull \hbox (9.84871pt too wide) in paragraph at lines 95--97
[]\T2A/cmr/m/n/10.95  -- --  --  
-: $\OML/cmm/m/it/10.95 S$\T2A/cmr/m/n/10.95 -, $\OML/cmm/m/it/10.9
5 A$\T2A/cmr/m/n/10.95 -
 []

Package babel Info: Redefining russian shorthand "|
(babel)             in language  on input line 97.
Package babel Info: Redefining russian shorthand "~
(babel)             in language  on input line 97.
Package babel Info: Redefining russian shorthand "|
(babel)             in language  on input line 97.
Package babel Info: Redefining russian shorthand "~
(babel)             in language  on input line 97.
[1


{C:/Users/vadim/AppData/Local/MiKTeX/2.9/pdftex/config/pdftex.map} <./images/pe
rc.png>] <images/S-A.png, id=92, 1027.84pt x 685.56125pt>
File: images/S-A.png Graphic file (type png)

<use images/S-A.png>
Package pdftex.def Info: images/S-A.png used on input line 110.
(pdftex.def)             Requested size: 125.47794pt x 83.68646pt.

Underfull \hbox (badness 10000) in paragraph at lines 111--111
[][]|\T2A/cmr/m/n/10 --- -,
 []


Underfull \hbox (badness 1360) in paragraph at lines 111--111
\T2A/cmr/m/n/10 ----- --
 []

<images/R.png, id=93, 1027.84pt x 685.56125pt>
File: images/R.png Graphic file (type png)
 <use images/R.png>
Package pdftex.def Info: images/R.png used on input line 114.
(pdftex.def)             Requested size: 125.47794pt x 83.68646pt.

Underfull \hbox (badness 10000) in paragraph at lines 115--115
[][]|\T2A/cmr/m/n/10 --- -,
 []


Underfull \hbox (badness 10000) in paragraph at lines 115--115
\T2A/cmr/m/n/10 ----- -
 []

Package babel Info: Redefining russian shorthand "|
(babel)             in language  on input line 130.
Package babel Info: Redefining russian shorthand "~
(babel)             in language  on input line 130.
Package babel Info: Redefining russian shorthand "|
(babel)             in language  on input line 130.
Package babel Info: Redefining russian shorthand "~
(babel)             in language  on input line 130.
[2 <./images/S-A.png> <./images/R.png>]
<images/mlp.png, id=110, 910.40125pt x 551.05875pt>
File: images/mlp.png Graphic file (type png)
 <use images/mlp.png>
Package pdftex.def Info: images/mlp.png used on input line 138.
(pdftex.def)             Requested size: 409.67677pt x 247.97414pt.

Overfull \hbox (3.23383pt too wide) in paragraph at lines 151--152
[]\T2A/cmr/m/n/10.95  - -- -  ----- 
$\OML/cmm/m/it/10.95 w[]$ \T2A/cmr/m/n/10.95  $\OML/cmm/m/it/10.95 A\OMS/cms
y/m/n/10.95  $\T2A/cmr/m/n/10.95 ,
 []

Package babel Info: Redefining russian shorthand "|
(babel)             in language  on input line 152.
Package babel Info: Redefining russian shorthand "~
(babel)             in language  on input line 152.
Package babel Info: Redefining russian shorthand "|
(babel)             in language  on input line 152.
Package babel Info: Redefining russian shorthand "~
(babel)             in language  on input line 152.
[3 <./images/mlp.png>]
Package babel Info: Redefining russian shorthand "|
(babel)             in language  on input line 162.
Package babel Info: Redefining russian shorthand "~
(babel)             in language  on input line 162.

Overfull \hbox (10.21059pt too wide) in paragraph at lines 171--173
\T2A/cmr/m/n/10.95  $[]$ - - (--- --- 
 --) -- -
 []

Package babel Info: Redefining russian shorthand "|
(babel)             in language  on input line 178.
Package babel Info: Redefining russian shorthand "~
(babel)             in language  on input line 178.
Package babel Info: Redefining russian shorthand "|
(babel)             in language  on input line 183.
Package babel Info: Redefining russian shorthand "~
(babel)             in language  on input line 183.
Package babel Info: Redefining russian shorthand "|
(babel)             in language  on input line 183.
Package babel Info: Redefining russian shorthand "~
(babel)             in language  on input line 183.
[4]
Overfull \hbox (17.84486pt too wide) in paragraph at lines 184--185
[]\T2A/cmr/m/n/10.95  - $\OML/cmm/m/it/10.95 W$ \T2A/cmr/m/n/10.95 
----     --  ---.  $\OML/cmm/m/i
t/10.95 x[]; x[]; [] x[]$
 []

<images/Hopfield's_net.png, id=130, 425.59pt x 487.8225pt>
File: images/Hopfield's_net.png Graphic file (type png)

<use images/Hopfield's_net.png>
Package pdftex.def Info: images/Hopfield's_net.png used on input line 196.
(pdftex.def)             Requested size: 191.51372pt x 219.5181pt.
Package babel Info: Redefining russian shorthand "|
(babel)             in language  on input line 202.
Package babel Info: Redefining russian shorthand "~
(babel)             in language  on input line 202.
Package babel Info: Redefining russian shorthand "|
(babel)             in language  on input line 204.
Package babel Info: Redefining russian shorthand "~
(babel)             in language  on input line 204.
Package babel Info: Redefining russian shorthand "|
(babel)             in language  on input line 204.
Package babel Info: Redefining russian shorthand "~
(babel)             in language  on input line 204.
 [5 <./images/Hopfield's_net.png>]
<images/graph.png, id=139, 863.225pt x 807.015pt>
File: images/graph.png Graphic file (type png)
 <use images/graph.png>
Package pdftex.def Info: images/graph.png used on input line 209.
(pdftex.def)             Requested size: 215.80573pt x 201.75325pt.
Package babel Info: Redefining russian shorthand "|
(babel)             in language  on input line 220.
Package babel Info: Redefining russian shorthand "~
(babel)             in language  on input line 220.

<images/Boltzmannexamplev1.png, id=140, 434.62375pt x 412.54124pt>
File: images/Boltzmannexamplev1.png Graphic file (type png)

<use images/Boltzmannexamplev1.png>
Package pdftex.def Info: images/Boltzmannexamplev1.png used on input line 226.
(pdftex.def)             Requested size: 195.57887pt x 185.64185pt.


LaTeX Warning: `!h' float specifier changed to `!ht'.

Package babel Info: Redefining russian shorthand "|
(babel)             in language  on input line 233.
Package babel Info: Redefining russian shorthand "~
(babel)             in language  on input line 233.
Package babel Info: Redefining russian shorthand "|
(babel)             in language  on input line 236.
Package babel Info: Redefining russian shorthand "~
(babel)             in language  on input line 236.
Package babel Info: Redefining russian shorthand "|
(babel)             in language  on input line 236.
Package babel Info: Redefining russian shorthand "~
(babel)             in language  on input line 236.
[6 <./images/graph.png>]
<images/Restricted_Boltzmann_machine.png, id=146, 965.6075pt x 1027.84pt>
File: images/Restricted_Boltzmann_machine.png Graphic file (type png)

<use images/Restricted_Boltzmann_machine.png>
Package pdftex.def Info: images/Restricted_Boltzmann_machine.png used on input 
line 239.
(pdftex.def)             Requested size: 173.80185pt x 185.00322pt.
Package babel Info: Redefining russian shorthand "|
(babel)             in language  on input line 244.
Package babel Info: Redefining russian shorthand "~
(babel)             in language  on input line 244.
Package babel Info: Redefining russian shorthand "|
(babel)             in language  on input line 244.
Package babel Info: Redefining russian shorthand "~
(babel)             in language  on input line 244.
 [7 <./images/Boltzmannexamplev1.png (PNG copy)> <./images/Restricted_Boltzmann
_machine.png>]
Package babel Info: Redefining russian shorthand "|
(babel)             in language  on input line 247.
Package babel Info: Redefining russian shorthand "~
(babel)             in language  on input line 247.
Package babel Info: Redefining russian shorthand "|
(babel)             in language  on input line 264.
Package babel Info: Redefining russian shorthand "~
(babel)             in language  on input line 264.
Package babel Info: Redefining russian shorthand "|
(babel)             in language  on input line 270.
Package babel Info: Redefining russian shorthand "~
(babel)             in language  on input line 270.
Package babel Info: Redefining russian shorthand "|
(babel)             in language  on input line 270.
Package babel Info: Redefining russian shorthand "~
(babel)             in language  on input line 270.
 [8]
Package babel Info: Redefining russian shorthand "|
(babel)             in language  on input line 276.
Package babel Info: Redefining russian shorthand "~
(babel)             in language  on input line 276.
Package babel Info: Redefining russian shorthand "|
(babel)             in language  on input line 280.
Package babel Info: Redefining russian shorthand "~
(babel)             in language  on input line 280.

<images/struct.png, id=164, 578.16pt x 157.58875pt>
File: images/struct.png Graphic file (type png)
 <use images/struct.png>
Package pdftex.def Info: images/struct.png used on input line 286.
(pdftex.def)             Requested size: 404.70924pt x 110.31136pt.
Package babel Info: Redefining russian shorthand "|
(babel)             in language  on input line 296.
Package babel Info: Redefining russian shorthand "~
(babel)             in language  on input line 296.

<images/karts.png, id=165, 401.5pt x 563.10374pt>
File: images/karts.png Graphic file (type png)
 <use images/karts.png>
Package pdftex.def Info: images/karts.png used on input line 300.
(pdftex.def)             Requested size: 80.29857pt x 112.61874pt.
Package babel Info: Redefining russian shorthand "|
(babel)             in language  on input line 302.
Package babel Info: Redefining russian shorthand "~
(babel)             in language  on input line 302.
Package babel Info: Redefining russian shorthand "|
(babel)             in language  on input line 302.
Package babel Info: Redefining russian shorthand "~
(babel)             in language  on input line 302.

[9 <./images/struct.png (PNG copy)>]
<images/filter1.png, id=172, 626.34pt x 279.0425pt>
File: images/filter1.png Graphic file (type png)
 <use images/filter1.png>
Package pdftex.def Info: images/filter1.png used on input line 309.
(pdftex.def)             Requested size: 313.16922pt x 139.5209pt.

<images/filter2.png, id=173, 647.41875pt x 229.85875pt>
File: images/filter2.png Graphic file (type png)

<use images/filter2.png>
Package pdftex.def Info: images/filter2.png used on input line 319.
(pdftex.def)             Requested size: 323.70857pt x 114.92908pt.


LaTeX Warning: `!h' float specifier changed to `!ht'.


LaTeX Warning: `!h' float specifier changed to `!ht'.

<images/filter3.png, id=174, 713.66624pt x 269.005pt>
File: images/filter3.png Graphic file (type png)
 <use images/filter3.png>
Package pdftex.def Info: images/filter3.png used on input line 328.
(pdftex.def)             Requested size: 356.83224pt x 134.50217pt.


LaTeX Warning: `!h' float specifier changed to `!ht'.


LaTeX Warning: `!h' float specifier changed to `!ht'.

<images/filter4.png, id=175, 720.6925pt x 251.94125pt>
File: images/filter4.png Graphic file (type png)

<use images/filter4.png>
Package pdftex.def Info: images/filter4.png used on input line 338.
(pdftex.def)             Requested size: 360.34537pt x 125.9703pt.


LaTeX Warning: `!h' float specifier changed to `!ht'.


LaTeX Warning: `!h' float specifier changed to `!ht'.

<images/filter5.png, id=176, 607.26875pt x 315.1775pt>
File: images/filter5.png Graphic file (type png)

<use images/filter5.png>
Package pdftex.def Info: images/filter5.png used on input line 350.
(pdftex.def)             Requested size: 303.63364pt x 157.58836pt.


LaTeX Warning: `!h' float specifier changed to `!ht'.


LaTeX Warning: `!h' float specifier changed to `!ht'.

<images/filter6.png, id=177, 546.04pt x 173.64874pt>
File: images/filter6.png Graphic file (type png)
 <use images/filter6.png>
Package pdftex.def Info: images/filter6.png used on input line 359.
(pdftex.def)             Requested size: 273.01933pt x 86.82416pt.


LaTeX Warning: `!h' float specifier changed to `!ht'.

<images/tmp-0.png, id=178, 293.59688pt x 259.7203pt>
File: images/tmp-0.png Graphic file (type png)
 <use images/tmp-0.png>
Package pdftex.def Info: images/tmp-0.png used on input line 365.
(pdftex.def)             Requested size: 293.59615pt x 259.71967pt.
 <./images/tmp-0.png> <a0,fr0>
<images/tmp-1.png, id=187, 293.59688pt x 259.7203pt>
File: images/tmp-1.png Graphic file (type png)
 <use images/tmp-1.png>
Package pdftex.def Info: images/tmp-1.png used on input line 365.
(pdftex.def)             Requested size: 293.59615pt x 259.71967pt.
 <./images/tmp-1.png> <a0,fr1>
<images/tmp-2.png, id=196, 293.59688pt x 259.7203pt>
File: images/tmp-2.png Graphic file (type png)
 <use images/tmp-2.png>
Package pdftex.def Info: images/tmp-2.png used on input line 365.
(pdftex.def)             Requested size: 293.59615pt x 259.71967pt.
 <./images/tmp-2.png> <a0,fr2> <a0,fr3>
<images/tmp-4.png, id=208, 293.59688pt x 259.7203pt>
File: images/tmp-4.png Graphic file (type png)
 <use images/tmp-4.png>
Package pdftex.def Info: images/tmp-4.png used on input line 365.
(pdftex.def)             Requested size: 293.59615pt x 259.71967pt.
 <./images/tmp-4.png> <a0,fr4>
<images/tmp-5.png, id=217, 293.59688pt x 259.7203pt>
File: images/tmp-5.png Graphic file (type png)
 <use images/tmp-5.png>
Package pdftex.def Info: images/tmp-5.png used on input line 365.
(pdftex.def)             Requested size: 293.59615pt x 259.71967pt.
 <./images/tmp-5.png> <a0,fr5> <a0,fr6>
<images/tmp-7.png, id=229, 293.59688pt x 259.7203pt>
File: images/tmp-7.png Graphic file (type png)
 <use images/tmp-7.png>
Package pdftex.def Info: images/tmp-7.png used on input line 365.
(pdftex.def)             Requested size: 293.59615pt x 259.71967pt.
 <./images/tmp-7.png> <a0,fr7>
<images/tmp-8.png, id=238, 293.59688pt x 259.7203pt>
File: images/tmp-8.png Graphic file (type png)
 <use images/tmp-8.png>
Package pdftex.def Info: images/tmp-8.png used on input line 365.
(pdftex.def)             Requested size: 293.59615pt x 259.71967pt.
 <./images/tmp-8.png> <a0,fr8>
<images/tmp-9.png, id=247, 293.59688pt x 259.7203pt>
File: images/tmp-9.png Graphic file (type png)
 <use images/tmp-9.png>
Package pdftex.def Info: images/tmp-9.png used on input line 365.
(pdftex.def)             Requested size: 293.59615pt x 259.71967pt.
 <./images/tmp-9.png> <a0,fr9>
<images/tmp-10.png, id=256, 293.59688pt x 259.7203pt>
File: images/tmp-10.png Graphic file (type png)
 <use images/tmp-10.png>
Package pdftex.def Info: images/tmp-10.png used on input line 365.
(pdftex.def)             Requested size: 293.59615pt x 259.71967pt.
 <./images/tmp-10.png> <a0,fr10>
<images/tmp-11.png, id=265, 293.59688pt x 259.7203pt>
File: images/tmp-11.png Graphic file (type png)
 <use images/tmp-11.png>
Package pdftex.def Info: images/tmp-11.png used on input line 365.
(pdftex.def)             Requested size: 293.59615pt x 259.71967pt.
 <./images/tmp-11.png> <a0,fr11>
<images/tmp-12.png, id=274, 293.59688pt x 259.7203pt>
File: images/tmp-12.png Graphic file (type png)
 <use images/tmp-12.png>
Package pdftex.def Info: images/tmp-12.png used on input line 365.
(pdftex.def)             Requested size: 293.59615pt x 259.71967pt.
 <./images/tmp-12.png> <a0,fr12>
<images/tmp-13.png, id=283, 293.59688pt x 259.7203pt>
File: images/tmp-13.png Graphic file (type png)
 <use images/tmp-13.png>
Package pdftex.def Info: images/tmp-13.png used on input line 365.
(pdftex.def)             Requested size: 293.59615pt x 259.71967pt.
 <./images/tmp-13.png> <a0,fr13>
<images/tmp-14.png, id=292, 293.59688pt x 259.7203pt>
File: images/tmp-14.png Graphic file (type png)
 <use images/tmp-14.png>
Package pdftex.def Info: images/tmp-14.png used on input line 365.
(pdftex.def)             Requested size: 293.59615pt x 259.71967pt.
 <./images/tmp-14.png> <a0,fr14>
<images/tmp-15.png, id=301, 293.59688pt x 259.7203pt>
File: images/tmp-15.png Graphic file (type png)
 <use images/tmp-15.png>
Package pdftex.def Info: images/tmp-15.png used on input line 365.
(pdftex.def)             Requested size: 293.59615pt x 259.71967pt.
 <./images/tmp-15.png> <a0,fr15>
<images/tmp-16.png, id=310, 293.59688pt x 259.7203pt>
File: images/tmp-16.png Graphic file (type png)
 <use images/tmp-16.png>
Package pdftex.def Info: images/tmp-16.png used on input line 365.
(pdftex.def)             Requested size: 293.59615pt x 259.71967pt.
 <./images/tmp-16.png> <a0,fr16>
<images/tmp-17.png, id=319, 293.59688pt x 259.7203pt>
File: images/tmp-17.png Graphic file (type png)
 <use images/tmp-17.png>
Package pdftex.def Info: images/tmp-17.png used on input line 365.
(pdftex.def)             Requested size: 293.59615pt x 259.71967pt.
 <./images/tmp-17.png> <a0,fr17>
<images/tmp-18.png, id=328, 293.59688pt x 259.7203pt>
File: images/tmp-18.png Graphic file (type png)
 <use images/tmp-18.png>
Package pdftex.def Info: images/tmp-18.png used on input line 365.
(pdftex.def)             Requested size: 293.59615pt x 259.71967pt.
 <./images/tmp-18.png> <a0,fr18>
<images/tmp-19.png, id=337, 293.59688pt x 259.7203pt>
File: images/tmp-19.png Graphic file (type png)
 <use images/tmp-19.png>
Package pdftex.def Info: images/tmp-19.png used on input line 365.
(pdftex.def)             Requested size: 293.59615pt x 259.71967pt.
 <./images/tmp-19.png> <a0,fr19>
<images/tmp-20.png, id=346, 293.59688pt x 259.7203pt>
File: images/tmp-20.png Graphic file (type png)
 <use images/tmp-20.png>
Package pdftex.def Info: images/tmp-20.png used on input line 365.
(pdftex.def)             Requested size: 293.59615pt x 259.71967pt.
 <./images/tmp-20.png> <a0,fr20>
<images/tmp-21.png, id=355, 293.59688pt x 259.7203pt>
File: images/tmp-21.png Graphic file (type png)
 <use images/tmp-21.png>
Package pdftex.def Info: images/tmp-21.png used on input line 365.
(pdftex.def)             Requested size: 293.59615pt x 259.71967pt.
 <./images/tmp-21.png> <a0,fr21>
<images/tmp-22.png, id=364, 293.59688pt x 259.7203pt>
File: images/tmp-22.png Graphic file (type png)
 <use images/tmp-22.png>
Package pdftex.def Info: images/tmp-22.png used on input line 365.
(pdftex.def)             Requested size: 293.59615pt x 259.71967pt.
 <./images/tmp-22.png> <a0,fr22>
<images/tmp-23.png, id=373, 293.59688pt x 259.7203pt>
File: images/tmp-23.png Graphic file (type png)
 <use images/tmp-23.png>
Package pdftex.def Info: images/tmp-23.png used on input line 365.
(pdftex.def)             Requested size: 293.59615pt x 259.71967pt.
 <./images/tmp-23.png> <a0,fr23>
<images/tmp-24.png, id=382, 293.59688pt x 259.7203pt>
File: images/tmp-24.png Graphic file (type png)
 <use images/tmp-24.png>
Package pdftex.def Info: images/tmp-24.png used on input line 365.
(pdftex.def)             Requested size: 293.59615pt x 259.71967pt.
 <./images/tmp-24.png> <a0,fr24>
<images/tmp-25.png, id=391, 293.59688pt x 259.7203pt>
File: images/tmp-25.png Graphic file (type png)
 <use images/tmp-25.png>
Package pdftex.def Info: images/tmp-25.png used on input line 365.
(pdftex.def)             Requested size: 293.59615pt x 259.71967pt.
 <./images/tmp-25.png> <a0,fr25>
<images/tmp-26.png, id=400, 293.59688pt x 259.7203pt>
File: images/tmp-26.png Graphic file (type png)
 <use images/tmp-26.png>
Package pdftex.def Info: images/tmp-26.png used on input line 365.
(pdftex.def)             Requested size: 293.59615pt x 259.71967pt.
 <./images/tmp-26.png> <a0,fr26>
<images/tmp-27.png, id=409, 293.59688pt x 259.7203pt>
File: images/tmp-27.png Graphic file (type png)
 <use images/tmp-27.png>
Package pdftex.def Info: images/tmp-27.png used on input line 365.
(pdftex.def)             Requested size: 293.59615pt x 259.71967pt.
 <./images/tmp-27.png> <a0,fr27>
<images/tmp-28.png, id=418, 293.59688pt x 259.7203pt>
File: images/tmp-28.png Graphic file (type png)
 <use images/tmp-28.png>
Package pdftex.def Info: images/tmp-28.png used on input line 365.
(pdftex.def)             Requested size: 293.59615pt x 259.71967pt.
 <./images/tmp-28.png> <a0,fr28>
<images/tmp-29.png, id=427, 293.59688pt x 259.7203pt>
File: images/tmp-29.png Graphic file (type png)
 <use images/tmp-29.png>
Package pdftex.def Info: images/tmp-29.png used on input line 365.
(pdftex.def)             Requested size: 293.59615pt x 259.71967pt.
 <./images/tmp-29.png> <a0,fr29>
<images/tmp-30.png, id=436, 293.59688pt x 259.7203pt>
File: images/tmp-30.png Graphic file (type png)
 <use images/tmp-30.png>
Package pdftex.def Info: images/tmp-30.png used on input line 365.
(pdftex.def)             Requested size: 293.59615pt x 259.71967pt.
 <./images/tmp-30.png> <a0,fr30>
<images/tmp-31.png, id=445, 293.59688pt x 259.7203pt>
File: images/tmp-31.png Graphic file (type png)
 <use images/tmp-31.png>
Package pdftex.def Info: images/tmp-31.png used on input line 365.
(pdftex.def)             Requested size: 293.59615pt x 259.71967pt.
 <./images/tmp-31.png> <a0,fr31>
<images/tmp-32.png, id=454, 293.59688pt x 259.7203pt>
File: images/tmp-32.png Graphic file (type png)
 <use images/tmp-32.png>
Package pdftex.def Info: images/tmp-32.png used on input line 365.
(pdftex.def)             Requested size: 293.59615pt x 259.71967pt.
 <./images/tmp-32.png> <a0,fr32>
<images/tmp-33.png, id=463, 293.59688pt x 259.7203pt>
File: images/tmp-33.png Graphic file (type png)
 <use images/tmp-33.png>
Package pdftex.def Info: images/tmp-33.png used on input line 365.
(pdftex.def)             Requested size: 293.59615pt x 259.71967pt.
 <./images/tmp-33.png> <a0,fr33>
<images/tmp-34.png, id=472, 293.59688pt x 259.7203pt>
File: images/tmp-34.png Graphic file (type png)
 <use images/tmp-34.png>
Package pdftex.def Info: images/tmp-34.png used on input line 365.
(pdftex.def)             Requested size: 293.59615pt x 259.71967pt.
 <./images/tmp-34.png> <a0,fr34>
<images/tmp-35.png, id=481, 293.59688pt x 259.7203pt>
File: images/tmp-35.png Graphic file (type png)
 <use images/tmp-35.png>
Package pdftex.def Info: images/tmp-35.png used on input line 365.
(pdftex.def)             Requested size: 293.59615pt x 259.71967pt.
 <./images/tmp-35.png> <a0,fr35>
<images/tmp-36.png, id=490, 293.59688pt x 259.7203pt>
File: images/tmp-36.png Graphic file (type png)
 <use images/tmp-36.png>
Package pdftex.def Info: images/tmp-36.png used on input line 365.
(pdftex.def)             Requested size: 293.59615pt x 259.71967pt.
 <./images/tmp-36.png> <a0,fr36>
<images/tmp-37.png, id=499, 293.59688pt x 259.7203pt>
File: images/tmp-37.png Graphic file (type png)
 <use images/tmp-37.png>
Package pdftex.def Info: images/tmp-37.png used on input line 365.
(pdftex.def)             Requested size: 293.59615pt x 259.71967pt.
 <./images/tmp-37.png> <a0,fr37>
<images/tmp-38.png, id=508, 293.59688pt x 259.7203pt>
File: images/tmp-38.png Graphic file (type png)
 <use images/tmp-38.png>
Package pdftex.def Info: images/tmp-38.png used on input line 365.
(pdftex.def)             Requested size: 293.59615pt x 259.71967pt.
 <./images/tmp-38.png> <a0,fr38>
<images/tmp-39.png, id=517, 293.59688pt x 259.7203pt>
File: images/tmp-39.png Graphic file (type png)
 <use images/tmp-39.png>
Package pdftex.def Info: images/tmp-39.png used on input line 365.
(pdftex.def)             Requested size: 293.59615pt x 259.71967pt.
 <./images/tmp-39.png> <a0,fr39>
<images/tmp-40.png, id=526, 293.59688pt x 259.7203pt>
File: images/tmp-40.png Graphic file (type png)
 <use images/tmp-40.png>
Package pdftex.def Info: images/tmp-40.png used on input line 365.
(pdftex.def)             Requested size: 293.59615pt x 259.71967pt.
 <./images/tmp-40.png> <a0,fr40>
<images/tmp-41.png, id=535, 293.59688pt x 259.7203pt>
File: images/tmp-41.png Graphic file (type png)
 <use images/tmp-41.png>
Package pdftex.def Info: images/tmp-41.png used on input line 365.
(pdftex.def)             Requested size: 293.59615pt x 259.71967pt.
 <./images/tmp-41.png> <a0,fr41>
<images/tmp-42.png, id=544, 293.59688pt x 259.7203pt>
File: images/tmp-42.png Graphic file (type png)
 <use images/tmp-42.png>
Package pdftex.def Info: images/tmp-42.png used on input line 365.
(pdftex.def)             Requested size: 293.59615pt x 259.71967pt.
 <./images/tmp-42.png> <a0,fr42>
<images/tmp-43.png, id=553, 293.59688pt x 259.7203pt>
File: images/tmp-43.png Graphic file (type png)
 <use images/tmp-43.png>
Package pdftex.def Info: images/tmp-43.png used on input line 365.
(pdftex.def)             Requested size: 293.59615pt x 259.71967pt.
 <./images/tmp-43.png> <a0,fr43> <a0,fr44> <a0,fr45>
Overfull \hbox (62.01636pt too wide) in paragraph at lines 363--367
[][]
 []


LaTeX Warning: `!h' float specifier changed to `!ht'.

Package babel Info: Redefining russian shorthand "|
(babel)             in language  on input line 369.
Package babel Info: Redefining russian shorthand "~
(babel)             in language  on input line 369.
Package babel Info: Redefining russian shorthand "|
(babel)             in language  on input line 373.
Package babel Info: Redefining russian shorthand "~
(babel)             in language  on input line 373.
Package babel Info: Redefining russian shorthand "|
(babel)             in language  on input line 373.
Package babel Info: Redefining russian shorthand "~
(babel)             in language  on input line 373.
[10 <./images/karts.png (PNG copy)> <./images/filter1.png>]

LaTeX Warning: Text page 11 contains only floats.

Package babel Info: Redefining russian shorthand "|
(babel)             in language  on input line 373.
Package babel Info: Redefining russian shorthand "~
(babel)             in language  on input line 373.
Package babel Info: Redefining russian shorthand "|
(babel)             in language  on input line 373.
Package babel Info: Redefining russian shorthand "~
(babel)             in language  on input line 373.
[11 <./images/filter2.png> <./images/filter3.png> <./images/filter4.png>]
Package babel Info: Redefining russian shorthand "|
(babel)             in language  on input line 373.
Package babel Info: Redefining russian shorthand "~
(babel)             in language  on input line 373.
Package babel Info: Redefining russian shorthand "|
(babel)             in language  on input line 373.
Package babel Info: Redefining russian shorthand "~
(babel)             in language  on input line 373.

[12 <./images/filter5.png (PNG copy)> <./images/filter6.png>]
<images/pool.png, id=598, 765.6103pt x 378.66469pt>
File: images/pool.png Graphic file (type png)
 <use images/pool.png>
Package pdftex.def Info: images/pool.png used on input line 376.
(pdftex.def)             Requested size: 382.80421pt x 189.33188pt.

<images/RLU.png, id=599, 818.30719pt x 407.27156pt>
File: images/RLU.png Graphic file (type png)
 <use images/RLU.png>
Package pdftex.def Info: images/RLU.png used on input line 381.
(pdftex.def)             Requested size: 368.23483pt x 183.2705pt.

Underfull \hbox (badness 10000) in paragraph at lines 384--389

 []


Underfull \hbox (badness 10000) in paragraph at lines 384--389

 []


Underfull \hbox (badness 10000) in paragraph at lines 384--389

 []

<images/all_step.png, id=600, 882.29625pt x 252.945pt>
File: images/all_step.png Graphic file (type png)

<use images/all_step.png>
Package pdftex.def Info: images/all_step.png used on input line 393.
(pdftex.def)             Requested size: 441.14705pt x 126.47218pt.

Overfull \hbox (22.8915pt too wide) in paragraph at lines 393--394
 [][] 
 []


LaTeX Warning: `!h' float specifier changed to `!ht'.

<images/final.png, id=601, 494.59781pt x 331.99031pt>
File: images/final.png Graphic file (type png)
 <use images/final.png>
Package pdftex.def Info: images/final.png used on input line 398.
(pdftex.def)             Requested size: 222.56694pt x 149.39424pt.


LaTeX Warning: `!h' float specifier changed to `!ht'.

Package babel Info: Redefining russian shorthand "|
(babel)             in language  on input line 405.
Package babel Info: Redefining russian shorthand "~
(babel)             in language  on input line 405.
Package babel Info: Redefining russian shorthand "|
(babel)             in language  on input line 407.
Package babel Info: Redefining russian shorthand "~
(babel)             in language  on input line 407.
Package babel Info: Redefining russian shorthand "|
(babel)             in language  on input line 407.
Package babel Info: Redefining russian shorthand "~
(babel)             in language  on input line 407.
[13 <./images/pool.png> <./images/RLU.png>]
<images/recurent.png, id=611, 1444.64719pt x 564.60938pt>
File: images/recurent.png Graphic file (type png)

<use images/recurent.png>
Package pdftex.def Info: images/recurent.png used on input line 411.
(pdftex.def)             Requested size: 346.72241pt x 135.50902pt.

<images/recurr_type.jpg, id=612, 1042.31662pt x 326.74184pt>
File: images/recurr_type.jpg Graphic file (type jpg)

<use images/recurr_type.jpg>
Package pdftex.def Info: images/recurr_type.jpg used on input line 417.
(pdftex.def)             Requested size: 469.03815pt x 147.03246pt.

Overfull \hbox (50.7826pt too wide) in paragraph at lines 417--418
 [][] 
 []

Package babel Info: Redefining russian shorthand "|
(babel)             in language  on input line 418.
Package babel Info: Redefining russian shorthand "~
(babel)             in language  on input line 418.
Package babel Info: Redefining russian shorthand "|
(babel)             in language  on input line 418.
Package babel Info: Redefining russian shorthand "~
(babel)             in language  on input line 418.
[14 <./images/all_step.png> <./images/final.png> <./images/recurent.png>]
Package babel Info: Redefining russian shorthand "|
(babel)             in language  on input line 438.
Package babel Info: Redefining russian shorthand "~
(babel)             in language  on input line 438.

<images/mem_cell.png, id=623, 481.8pt x 213.79875pt>
File: images/mem_cell.png Graphic file (type png)
 <use images/mem_cell.png>
Package pdftex.def Info: images/mem_cell.png used on input line 443.
(pdftex.def)             Requested size: 361.3491pt x 160.34866pt.


LaTeX Warning: `!h' float specifier changed to `!ht'.

Package babel Info: Redefining russian shorthand "|
(babel)             in language  on input line 461.
Package babel Info: Redefining russian shorthand "~
(babel)             in language  on input line 461.
Package babel Info: Redefining russian shorthand "|
(babel)             in language  on input line 461.
Package babel Info: Redefining russian shorthand "~
(babel)             in language  on input line 461.
[15 <./images/recurr_type.jpg>]
Package babel Info: Redefining russian shorthand "|
(babel)             in language  on input line 466.
Package babel Info: Redefining russian shorthand "~
(babel)             in language  on input line 466.

Overfull \hbox (1.05096pt too wide) in paragraph at lines 470--472
\T2A/cmr/m/n/10.95  -. - - - ---- 
 - (-)  $\OML/cmm/m/it/10.95 p\OMS/cmsy/m/n/10.95  $\T2A/cmr/m/n/10
.95 
 []

Package babel Info: Redefining russian shorthand "|
(babel)             in language  on input line 472.
Package babel Info: Redefining russian shorthand "~
(babel)             in language  on input line 472.
Package babel Info: Redefining russian shorthand "|
(babel)             in language  on input line 472.
Package babel Info: Redefining russian shorthand "~
(babel)             in language  on input line 472.
[16 <./images/mem_cell.png>]
Package babel Info: Redefining russian shorthand "|
(babel)             in language  on input line 473.
Package babel Info: Redefining russian shorthand "~
(babel)             in language  on input line 473.

Overfull \hbox (34.46782pt too wide) in paragraph at lines 478--480
[]\T2A/cmr/m/n/10.95  $\OML/cmm/m/it/10.95 <; >$ \T2A/cmr/m/n/10.95 - -
- ----, $\OML/cmm/m/it/10.95 w$ \T2A/cmr/m/n/10.95 - --
 -  ---- ,$\OML/cmm/m/it/10.95 b$
 []

<images/svm.png, id=646, 401.5pt x 318.18875pt>
File: images/svm.png Graphic file (type png)
 <use images/svm.png>
Package pdftex.def Info: images/svm.png used on input line 488.
(pdftex.def)             Requested size: 301.12425pt x 238.64096pt.

Underfull \hbox (badness 10000) in paragraph at lines 481--490

 []


Underfull \hbox (badness 10000) in paragraph at lines 481--490

 []


Underfull \hbox (badness 10000) in paragraph at lines 481--490

 []

<images/svm2.png, id=647, 401.5pt x 359.3425pt>
File: images/svm2.png Graphic file (type png)
 <use images/svm2.png>
Package pdftex.def Info: images/svm2.png used on input line 494.
(pdftex.def)             Requested size: 180.67332pt x 161.70262pt.


LaTeX Warning: `!h' float specifier changed to `!ht'.

Package babel Info: Redefining russian shorthand "|
(babel)             in language  on input line 498.
Package babel Info: Redefining russian shorthand "~
(babel)             in language  on input line 498.
Package babel Info: Redefining russian shorthand "|
(babel)             in language  on input line 498.
Package babel Info: Redefining russian shorthand "~
(babel)             in language  on input line 498.
[17 <./images/svm.png>] <images/kernal1.png, id=655, 875.27pt x 489.83pt>
File: images/kernal1.png Graphic file (type png)

<use images/kernal1.png>
Package pdftex.def Info: images/kernal1.png used on input line 503.
(pdftex.def)             Requested size: 306.34909pt x 171.44305pt.

Underfull \hbox (badness 10000) in paragraph at lines 506--507

 []

Package babel Info: Redefining russian shorthand "|
(babel)             in language  on input line 517.
Package babel Info: Redefining russian shorthand "~
(babel)             in language  on input line 517.
Package babel Info: Redefining russian shorthand "|
(babel)             in language  on input line 519.
Package babel Info: Redefining russian shorthand "~
(babel)             in language  on input line 519.
Package babel Info: Redefining russian shorthand "|
(babel)             in language  on input line 519.
Package babel Info: Redefining russian shorthand "~
(babel)             in language  on input line 519.
[18 <./images/svm2.png> <./images/kernal1.png>]
<images/koh.jpg, id=663, 593.96906pt x 473.51906pt>
File: images/koh.jpg Graphic file (type jpg)
 <use images/koh.jpg>
Package pdftex.def Info: images/koh.jpg used on input line 522.
(pdftex.def)             Requested size: 207.89227pt x 165.73415pt.
Package babel Info: Redefining russian shorthand "|
(babel)             in language  on input line 539.
Package babel Info: Redefining russian shorthand "~
(babel)             in language  on input line 539.
Package babel Info: Redefining russian shorthand "|
(babel)             in language  on input line 539.
Package babel Info: Redefining russian shorthand "~
(babel)             in language  on input line 539.

[19 <./images/koh.jpg>]

LaTeX Warning: Command \cyrk invalid in math mode on input line 555.


LaTeX Warning: Command \cyrr invalid in math mode on input line 555.

Missing character: There is no  in font cmr8!
Missing character: There is no  in font cmr8!

Overfull \hbox (21.34706pt too wide) in paragraph at lines 555--556
\T2A/cmr/m/n/10.95 - --- --- - -- -- 
 -- -.
 []


LaTeX Warning: Command \cyrk invalid in math mode on input line 557.


LaTeX Warning: Command \cyrr invalid in math mode on input line 557.

Missing character: There is no  in font cmr8!
Missing character: There is no  in font cmr8!
Package babel Info: Redefining russian shorthand "|
(babel)             in language  on input line 563.
Package babel Info: Redefining russian shorthand "~
(babel)             in language  on input line 563.
Package babel Info: Redefining russian shorthand "|
(babel)             in language  on input line 566.
Package babel Info: Redefining russian shorthand "~
(babel)             in language  on input line 566.
Package babel Info: Redefining russian shorthand "|
(babel)             in language  on input line 566.
Package babel Info: Redefining russian shorthand "~
(babel)             in language  on input line 566.
[20]
Overfull \hbox (65.96555pt too wide) in paragraph at lines 576--578
[]\T2A/cmr/m/n/10.95  -  - -- -. \T2A/cmr/bx/n/
10.95 --: BackPropagation ($\OML/cmm/m/it/10.95 ; ; \OMS/cmsy/m/n/10.
95 f\OML/cmm/m/it/10.95 x[]; t[]\OMS/cmsy/m/n/10.95 g[]\OML/cmm/m/it/10.95 ; st
eps$\T2A/cmr/bx/n/10.95 ) 
 []


Package movie15 Warning: @@@@@@@@@@@@@@@@@@@@@@@@@@@@@@@@@@@@@@@
(movie15)                @@ Package `movie15' is obsolete and @@
(movie15)                @@ superseded by `media9'.           @@
(movie15)                @@@@@@@@@@@@@@@@@@@@@@@@@@@@@@@@@@@@@@@.

Package atveryend Info: Empty hook `BeforeClearDocument' on input line 598.
Package babel Info: Redefining russian shorthand "|
(babel)             in language  on input line 598.
Package babel Info: Redefining russian shorthand "~
(babel)             in language  on input line 598.
Package babel Info: Redefining russian shorthand "|
(babel)             in language  on input line 598.
Package babel Info: Redefining russian shorthand "~
(babel)             in language  on input line 598.
[21]
Package atveryend Info: Empty hook `AfterLastShipout' on input line 598.
 (exam_20_06_v2.0.aux)
Package atveryend Info: Executing hook `AtVeryEndDocument' on input line 598.
Package atveryend Info: Executing hook `AtEndAfterFileList' on input line 598.
Package rerunfilecheck Info: File `exam_20_06_v2.0.out' has not changed.
(rerunfilecheck)             Checksum: 40FC2CB663825F22DF6F8504A0B9CC4D;5806.
Package atveryend Info: Empty hook `AtVeryVeryEnd' on input line 598.
 ) 
Here is how much of TeX's memory you used:
 26058 strings out of 493323
 446912 string characters out of 3139065
 634147 words of memory out of 10000000
 29115 multiletter control sequences out of 15000+200000
 551837 words of font info for 61 fonts, out of 3000000 for 9000
 1141 hyphenation exceptions out of 8191
 65i,11n,106p,9096b,613s stack positions out of 5000i,500n,10000p,200000b,50000s
 <C:\Users\vadim\AppData\Local\MiKTeX\2.9\fonts\pk\ljfour\lh\lh-t2a\dpi600\la
cc1200.pk> <C:\Users\vadim\AppData\Local\MiKTeX\2.9\fonts\pk\ljfour\lh\lh-t2a\d
pi600\labx1095.pk> <C:\Users\vadim\AppData\Local\MiKTeX\2.9\fonts\pk\ljfour\lh\
lh-t2a\dpi600\larm1000.pk> <C:\Users\vadim\AppData\Local\MiKTeX\2.9\fonts\pk\lj
four\lh\lh-t2a\dpi600\larm1095.pk> <C:\Users\vadim\AppData\Local\MiKTeX\2.9\fon
ts\pk\ljfour\lh\lh-t2a\dpi600\lacc1440.pk> <C:\Users\vadim\AppData\Local\MiKTeX
\2.9\fonts\pk\ljfour\lh\lh-t2a\dpi600\larm1440.pk> <C:\Users\vadim\AppData\Loca
l\MiKTeX\2.9\fonts\pk\ljfour\lh\lh-t2a\dpi600\lasx2074.pk><C:/Program Files/MiK
TeX 2.9/fonts/type1/public/amsfonts/cm/cmbx10.pfb><C:/Program Files/MiKTeX 2.9/
fonts/type1/public/amsfonts/cm/cmbx8.pfb><C:/Program Files/MiKTeX 2.9/fonts/typ
e1/public/amsfonts/cm/cmex10.pfb><C:/Program Files/MiKTeX 2.9/fonts/type1/publi
c/amsfonts/cm/cmmi10.pfb><C:/Program Files/MiKTeX 2.9/fonts/type1/public/amsfon
ts/cm/cmmi8.pfb><C:/Program Files/MiKTeX 2.9/fonts/type1/public/amsfonts/cm/cmr
10.pfb><C:/Program Files/MiKTeX 2.9/fonts/type1/public/amsfonts/cm/cmr6.pfb><C:
/Program Files/MiKTeX 2.9/fonts/type1/public/amsfonts/cm/cmr8.pfb><C:/Program F
iles/MiKTeX 2.9/fonts/type1/public/amsfonts/cm/cmsy10.pfb><C:/Program Files/MiK
TeX 2.9/fonts/type1/public/amsfonts/cm/cmsy8.pfb>
Output written on exam_20_06_v2.0.pdf (21 pages, 2158482 bytes).
PDF statistics:
 1165 PDF objects out of 1200 (max. 8388607)
 131 named destinations out of 1000 (max. 500000)
 1302 words of extra memory for PDF output out of 10000 (max. 10000000)

